[2020-11-07 21:15:20,627] TRACE [Controller id=0 epoch=51] Sending UpdateMetadata request PartitionState(controllerEpoch=12, leader=0, leaderEpoch=0, isr=[0], zkVersion=0, replicas=[0], offlineReplicas=[]) to brokers Set(0) for partition messages_topic-0 (state.change.logger)
[2020-11-07 21:15:20,647] TRACE [Controller id=0 epoch=51] Sending UpdateMetadata request PartitionState(controllerEpoch=1, leader=0, leaderEpoch=0, isr=[0], zkVersion=0, replicas=[0], offlineReplicas=[]) to brokers Set(0) for partition login_topic-0 (state.change.logger)
[2020-11-07 21:15:20,658] TRACE [Controller id=0 epoch=51] Sending UpdateMetadata request PartitionState(controllerEpoch=1, leader=0, leaderEpoch=0, isr=[0], zkVersion=0, replicas=[0], offlineReplicas=[]) to brokers Set(0) for partition restSignUp_topic-0 (state.change.logger)
[2020-11-07 21:15:20,659] TRACE [Controller id=0 epoch=51] Sending UpdateMetadata request PartitionState(controllerEpoch=1, leader=0, leaderEpoch=0, isr=[0], zkVersion=0, replicas=[0], offlineReplicas=[]) to brokers Set(0) for partition events_topic-0 (state.change.logger)
[2020-11-07 21:15:20,659] TRACE [Controller id=0 epoch=51] Sending UpdateMetadata request PartitionState(controllerEpoch=1, leader=0, leaderEpoch=0, isr=[0], zkVersion=0, replicas=[0], offlineReplicas=[]) to brokers Set(0) for partition orders_topic-0 (state.change.logger)
[2020-11-07 21:15:20,659] TRACE [Controller id=0 epoch=51] Sending UpdateMetadata request PartitionState(controllerEpoch=1, leader=0, leaderEpoch=0, isr=[0], zkVersion=0, replicas=[0], offlineReplicas=[]) to brokers Set(0) for partition userSignUp_topic-0 (state.change.logger)
[2020-11-07 21:15:20,660] TRACE [Controller id=0 epoch=51] Sending UpdateMetadata request PartitionState(controllerEpoch=1, leader=0, leaderEpoch=0, isr=[0], zkVersion=0, replicas=[0], offlineReplicas=[]) to brokers Set(0) for partition response_topic-0 (state.change.logger)
[2020-11-07 21:15:20,663] TRACE [Controller id=0 epoch=51] Changed state of replica 0 for partition response_topic-0 from OnlineReplica to OnlineReplica (state.change.logger)
[2020-11-07 21:15:20,675] TRACE [Controller id=0 epoch=51] Changed state of replica 0 for partition userSignUp_topic-0 from OnlineReplica to OnlineReplica (state.change.logger)
[2020-11-07 21:15:20,676] TRACE [Controller id=0 epoch=51] Changed state of replica 0 for partition restSignUp_topic-0 from OnlineReplica to OnlineReplica (state.change.logger)
[2020-11-07 21:15:20,677] TRACE [Controller id=0 epoch=51] Changed state of replica 0 for partition orders_topic-0 from OnlineReplica to OnlineReplica (state.change.logger)
[2020-11-07 21:15:20,677] TRACE [Controller id=0 epoch=51] Changed state of replica 0 for partition messages_topic-0 from OnlineReplica to OnlineReplica (state.change.logger)
[2020-11-07 21:15:20,679] TRACE [Controller id=0 epoch=51] Changed state of replica 0 for partition login_topic-0 from OnlineReplica to OnlineReplica (state.change.logger)
[2020-11-07 21:15:20,679] TRACE [Broker id=0] Cached leader info PartitionState(controllerEpoch=1, leader=0, leaderEpoch=0, isr=[0], zkVersion=0, replicas=[0], offlineReplicas=[]) for partition events_topic-0 in response to UpdateMetadata request sent by controller 0 epoch 51 with correlation id 0 (state.change.logger)
[2020-11-07 21:15:20,859] TRACE [Broker id=0] Cached leader info PartitionState(controllerEpoch=12, leader=0, leaderEpoch=0, isr=[0], zkVersion=0, replicas=[0], offlineReplicas=[]) for partition messages_topic-0 in response to UpdateMetadata request sent by controller 0 epoch 51 with correlation id 0 (state.change.logger)
[2020-11-07 21:15:20,859] TRACE [Broker id=0] Cached leader info PartitionState(controllerEpoch=1, leader=0, leaderEpoch=0, isr=[0], zkVersion=0, replicas=[0], offlineReplicas=[]) for partition login_topic-0 in response to UpdateMetadata request sent by controller 0 epoch 51 with correlation id 0 (state.change.logger)
[2020-11-07 21:15:20,860] TRACE [Broker id=0] Cached leader info PartitionState(controllerEpoch=1, leader=0, leaderEpoch=0, isr=[0], zkVersion=0, replicas=[0], offlineReplicas=[]) for partition response_topic-0 in response to UpdateMetadata request sent by controller 0 epoch 51 with correlation id 0 (state.change.logger)
[2020-11-07 21:15:20,860] TRACE [Broker id=0] Cached leader info PartitionState(controllerEpoch=1, leader=0, leaderEpoch=0, isr=[0], zkVersion=0, replicas=[0], offlineReplicas=[]) for partition orders_topic-0 in response to UpdateMetadata request sent by controller 0 epoch 51 with correlation id 0 (state.change.logger)
[2020-11-07 21:15:20,861] TRACE [Broker id=0] Cached leader info PartitionState(controllerEpoch=1, leader=0, leaderEpoch=0, isr=[0], zkVersion=0, replicas=[0], offlineReplicas=[]) for partition userSignUp_topic-0 in response to UpdateMetadata request sent by controller 0 epoch 51 with correlation id 0 (state.change.logger)
[2020-11-07 21:15:20,861] TRACE [Broker id=0] Cached leader info PartitionState(controllerEpoch=1, leader=0, leaderEpoch=0, isr=[0], zkVersion=0, replicas=[0], offlineReplicas=[]) for partition restSignUp_topic-0 in response to UpdateMetadata request sent by controller 0 epoch 51 with correlation id 0 (state.change.logger)
[2020-11-07 21:15:20,863] TRACE [Controller id=0 epoch=51] Received response {error_code=0} for request UPDATE_METADATA with correlation id 0 sent to broker localhost:9092 (id: 0 rack: null) (state.change.logger)
[2020-11-07 21:15:20,845] TRACE [Controller id=0 epoch=51] Changed state of replica 0 for partition events_topic-0 from OnlineReplica to OnlineReplica (state.change.logger)
[2020-11-07 21:15:20,913] TRACE [Controller id=0 epoch=51] Sending become-leader LeaderAndIsr request PartitionState(controllerEpoch=12, leader=0, leaderEpoch=0, isr=0, zkVersion=0, replicas=0, isNew=false) to broker 0 for partition messages_topic-0 (state.change.logger)
[2020-11-07 21:15:20,914] TRACE [Controller id=0 epoch=51] Sending become-leader LeaderAndIsr request PartitionState(controllerEpoch=1, leader=0, leaderEpoch=0, isr=0, zkVersion=0, replicas=0, isNew=false) to broker 0 for partition login_topic-0 (state.change.logger)
[2020-11-07 21:15:20,914] TRACE [Controller id=0 epoch=51] Sending become-leader LeaderAndIsr request PartitionState(controllerEpoch=1, leader=0, leaderEpoch=0, isr=0, zkVersion=0, replicas=0, isNew=false) to broker 0 for partition restSignUp_topic-0 (state.change.logger)
[2020-11-07 21:15:20,914] TRACE [Controller id=0 epoch=51] Sending become-leader LeaderAndIsr request PartitionState(controllerEpoch=1, leader=0, leaderEpoch=0, isr=0, zkVersion=0, replicas=0, isNew=false) to broker 0 for partition events_topic-0 (state.change.logger)
[2020-11-07 21:15:20,926] TRACE [Controller id=0 epoch=51] Sending become-leader LeaderAndIsr request PartitionState(controllerEpoch=1, leader=0, leaderEpoch=0, isr=0, zkVersion=0, replicas=0, isNew=false) to broker 0 for partition orders_topic-0 (state.change.logger)
[2020-11-07 21:15:20,926] TRACE [Controller id=0 epoch=51] Sending become-leader LeaderAndIsr request PartitionState(controllerEpoch=1, leader=0, leaderEpoch=0, isr=0, zkVersion=0, replicas=0, isNew=false) to broker 0 for partition userSignUp_topic-0 (state.change.logger)
[2020-11-07 21:15:20,927] TRACE [Controller id=0 epoch=51] Sending become-leader LeaderAndIsr request PartitionState(controllerEpoch=1, leader=0, leaderEpoch=0, isr=0, zkVersion=0, replicas=0, isNew=false) to broker 0 for partition response_topic-0 (state.change.logger)
[2020-11-07 21:15:20,928] TRACE [Controller id=0 epoch=51] Sending UpdateMetadata request PartitionState(controllerEpoch=12, leader=0, leaderEpoch=0, isr=[0], zkVersion=0, replicas=[0], offlineReplicas=[]) to brokers Set(0) for partition messages_topic-0 (state.change.logger)
[2020-11-07 21:15:20,928] TRACE [Controller id=0 epoch=51] Sending UpdateMetadata request PartitionState(controllerEpoch=1, leader=0, leaderEpoch=0, isr=[0], zkVersion=0, replicas=[0], offlineReplicas=[]) to brokers Set(0) for partition login_topic-0 (state.change.logger)
[2020-11-07 21:15:20,929] TRACE [Controller id=0 epoch=51] Sending UpdateMetadata request PartitionState(controllerEpoch=1, leader=0, leaderEpoch=0, isr=[0], zkVersion=0, replicas=[0], offlineReplicas=[]) to brokers Set(0) for partition restSignUp_topic-0 (state.change.logger)
[2020-11-07 21:15:20,929] TRACE [Controller id=0 epoch=51] Sending UpdateMetadata request PartitionState(controllerEpoch=1, leader=0, leaderEpoch=0, isr=[0], zkVersion=0, replicas=[0], offlineReplicas=[]) to brokers Set(0) for partition events_topic-0 (state.change.logger)
[2020-11-07 21:15:20,943] TRACE [Controller id=0 epoch=51] Sending UpdateMetadata request PartitionState(controllerEpoch=1, leader=0, leaderEpoch=0, isr=[0], zkVersion=0, replicas=[0], offlineReplicas=[]) to brokers Set(0) for partition orders_topic-0 (state.change.logger)
[2020-11-07 21:15:20,944] TRACE [Controller id=0 epoch=51] Sending UpdateMetadata request PartitionState(controllerEpoch=1, leader=0, leaderEpoch=0, isr=[0], zkVersion=0, replicas=[0], offlineReplicas=[]) to brokers Set(0) for partition userSignUp_topic-0 (state.change.logger)
[2020-11-07 21:15:20,945] TRACE [Broker id=0] Received LeaderAndIsr request PartitionState(controllerEpoch=12, leader=0, leaderEpoch=0, isr=0, zkVersion=0, replicas=0, isNew=false) correlation id 1 from controller 0 epoch 51 for partition messages_topic-0 (state.change.logger)
[2020-11-07 21:15:20,946] TRACE [Broker id=0] Received LeaderAndIsr request PartitionState(controllerEpoch=1, leader=0, leaderEpoch=0, isr=0, zkVersion=0, replicas=0, isNew=false) correlation id 1 from controller 0 epoch 51 for partition events_topic-0 (state.change.logger)
[2020-11-07 21:15:20,947] TRACE [Broker id=0] Received LeaderAndIsr request PartitionState(controllerEpoch=1, leader=0, leaderEpoch=0, isr=0, zkVersion=0, replicas=0, isNew=false) correlation id 1 from controller 0 epoch 51 for partition login_topic-0 (state.change.logger)
[2020-11-07 21:15:20,946] TRACE [Controller id=0 epoch=51] Sending UpdateMetadata request PartitionState(controllerEpoch=1, leader=0, leaderEpoch=0, isr=[0], zkVersion=0, replicas=[0], offlineReplicas=[]) to brokers Set(0) for partition response_topic-0 (state.change.logger)
[2020-11-07 21:15:20,947] TRACE [Broker id=0] Received LeaderAndIsr request PartitionState(controllerEpoch=1, leader=0, leaderEpoch=0, isr=0, zkVersion=0, replicas=0, isNew=false) correlation id 1 from controller 0 epoch 51 for partition orders_topic-0 (state.change.logger)
[2020-11-07 21:15:20,948] TRACE [Broker id=0] Received LeaderAndIsr request PartitionState(controllerEpoch=1, leader=0, leaderEpoch=0, isr=0, zkVersion=0, replicas=0, isNew=false) correlation id 1 from controller 0 epoch 51 for partition response_topic-0 (state.change.logger)
[2020-11-07 21:15:20,948] TRACE [Broker id=0] Received LeaderAndIsr request PartitionState(controllerEpoch=1, leader=0, leaderEpoch=0, isr=0, zkVersion=0, replicas=0, isNew=false) correlation id 1 from controller 0 epoch 51 for partition userSignUp_topic-0 (state.change.logger)
[2020-11-07 21:15:20,959] TRACE [Broker id=0] Received LeaderAndIsr request PartitionState(controllerEpoch=1, leader=0, leaderEpoch=0, isr=0, zkVersion=0, replicas=0, isNew=false) correlation id 1 from controller 0 epoch 51 for partition restSignUp_topic-0 (state.change.logger)
[2020-11-07 21:15:20,960] WARN [Broker id=0] Ignoring LeaderAndIsr request from controller 0 with correlation id 1 epoch 51 for partition messages_topic-0 since its associated leader epoch 0 is not higher than the current leader epoch 0 (state.change.logger)
[2020-11-07 21:15:20,960] WARN [Broker id=0] Ignoring LeaderAndIsr request from controller 0 with correlation id 1 epoch 51 for partition events_topic-0 since its associated leader epoch 0 is not higher than the current leader epoch 0 (state.change.logger)
[2020-11-07 21:15:20,960] WARN [Broker id=0] Ignoring LeaderAndIsr request from controller 0 with correlation id 1 epoch 51 for partition login_topic-0 since its associated leader epoch 0 is not higher than the current leader epoch 0 (state.change.logger)
[2020-11-07 21:15:20,960] WARN [Broker id=0] Ignoring LeaderAndIsr request from controller 0 with correlation id 1 epoch 51 for partition orders_topic-0 since its associated leader epoch 0 is not higher than the current leader epoch 0 (state.change.logger)
[2020-11-07 21:15:20,961] WARN [Broker id=0] Ignoring LeaderAndIsr request from controller 0 with correlation id 1 epoch 51 for partition response_topic-0 since its associated leader epoch 0 is not higher than the current leader epoch 0 (state.change.logger)
[2020-11-07 21:15:20,961] WARN [Broker id=0] Ignoring LeaderAndIsr request from controller 0 with correlation id 1 epoch 51 for partition userSignUp_topic-0 since its associated leader epoch 0 is not higher than the current leader epoch 0 (state.change.logger)
[2020-11-07 21:15:20,961] WARN [Broker id=0] Ignoring LeaderAndIsr request from controller 0 with correlation id 1 epoch 51 for partition restSignUp_topic-0 since its associated leader epoch 0 is not higher than the current leader epoch 0 (state.change.logger)
[2020-11-07 21:15:20,979] TRACE [Controller id=0 epoch=51] Received response {error_code=0,partitions=[{topic=messages_topic,partition=0,error_code=11},{topic=events_topic,partition=0,error_code=11},{topic=login_topic,partition=0,error_code=11},{topic=orders_topic,partition=0,error_code=11},{topic=response_topic,partition=0,error_code=11},{topic=userSignUp_topic,partition=0,error_code=11},{topic=restSignUp_topic,partition=0,error_code=11}]} for request LEADER_AND_ISR with correlation id 1 sent to broker localhost:9092 (id: 0 rack: null) (state.change.logger)
[2020-11-07 21:15:20,994] TRACE [Broker id=0] Cached leader info PartitionState(controllerEpoch=1, leader=0, leaderEpoch=0, isr=[0], zkVersion=0, replicas=[0], offlineReplicas=[]) for partition events_topic-0 in response to UpdateMetadata request sent by controller 0 epoch 51 with correlation id 2 (state.change.logger)
[2020-11-07 21:15:20,995] TRACE [Broker id=0] Cached leader info PartitionState(controllerEpoch=12, leader=0, leaderEpoch=0, isr=[0], zkVersion=0, replicas=[0], offlineReplicas=[]) for partition messages_topic-0 in response to UpdateMetadata request sent by controller 0 epoch 51 with correlation id 2 (state.change.logger)
[2020-11-07 21:15:20,995] TRACE [Broker id=0] Cached leader info PartitionState(controllerEpoch=1, leader=0, leaderEpoch=0, isr=[0], zkVersion=0, replicas=[0], offlineReplicas=[]) for partition login_topic-0 in response to UpdateMetadata request sent by controller 0 epoch 51 with correlation id 2 (state.change.logger)
[2020-11-07 21:15:20,996] TRACE [Broker id=0] Cached leader info PartitionState(controllerEpoch=1, leader=0, leaderEpoch=0, isr=[0], zkVersion=0, replicas=[0], offlineReplicas=[]) for partition response_topic-0 in response to UpdateMetadata request sent by controller 0 epoch 51 with correlation id 2 (state.change.logger)
[2020-11-07 21:15:20,996] TRACE [Broker id=0] Cached leader info PartitionState(controllerEpoch=1, leader=0, leaderEpoch=0, isr=[0], zkVersion=0, replicas=[0], offlineReplicas=[]) for partition orders_topic-0 in response to UpdateMetadata request sent by controller 0 epoch 51 with correlation id 2 (state.change.logger)
[2020-11-07 21:15:20,997] TRACE [Broker id=0] Cached leader info PartitionState(controllerEpoch=1, leader=0, leaderEpoch=0, isr=[0], zkVersion=0, replicas=[0], offlineReplicas=[]) for partition userSignUp_topic-0 in response to UpdateMetadata request sent by controller 0 epoch 51 with correlation id 2 (state.change.logger)
[2020-11-07 21:15:20,997] TRACE [Broker id=0] Cached leader info PartitionState(controllerEpoch=1, leader=0, leaderEpoch=0, isr=[0], zkVersion=0, replicas=[0], offlineReplicas=[]) for partition restSignUp_topic-0 in response to UpdateMetadata request sent by controller 0 epoch 51 with correlation id 2 (state.change.logger)
[2020-11-07 21:15:21,009] TRACE [Controller id=0 epoch=51] Received response {error_code=0} for request UPDATE_METADATA with correlation id 2 sent to broker localhost:9092 (id: 0 rack: null) (state.change.logger)
[2020-11-07 21:30:11,038] TRACE [Controller id=0 epoch=52] Sending UpdateMetadata request PartitionState(controllerEpoch=12, leader=0, leaderEpoch=0, isr=[0], zkVersion=0, replicas=[0], offlineReplicas=[]) to brokers Set(0) for partition messages_topic-0 (state.change.logger)
[2020-11-07 21:30:11,039] TRACE [Controller id=0 epoch=52] Sending UpdateMetadata request PartitionState(controllerEpoch=1, leader=0, leaderEpoch=0, isr=[0], zkVersion=0, replicas=[0], offlineReplicas=[]) to brokers Set(0) for partition login_topic-0 (state.change.logger)
[2020-11-07 21:30:11,039] TRACE [Controller id=0 epoch=52] Sending UpdateMetadata request PartitionState(controllerEpoch=1, leader=0, leaderEpoch=0, isr=[0], zkVersion=0, replicas=[0], offlineReplicas=[]) to brokers Set(0) for partition restSignUp_topic-0 (state.change.logger)
[2020-11-07 21:30:11,039] TRACE [Controller id=0 epoch=52] Sending UpdateMetadata request PartitionState(controllerEpoch=1, leader=0, leaderEpoch=0, isr=[0], zkVersion=0, replicas=[0], offlineReplicas=[]) to brokers Set(0) for partition events_topic-0 (state.change.logger)
[2020-11-07 21:30:11,039] TRACE [Controller id=0 epoch=52] Sending UpdateMetadata request PartitionState(controllerEpoch=1, leader=0, leaderEpoch=0, isr=[0], zkVersion=0, replicas=[0], offlineReplicas=[]) to brokers Set(0) for partition orders_topic-0 (state.change.logger)
[2020-11-07 21:30:11,039] TRACE [Controller id=0 epoch=52] Sending UpdateMetadata request PartitionState(controllerEpoch=1, leader=0, leaderEpoch=0, isr=[0], zkVersion=0, replicas=[0], offlineReplicas=[]) to brokers Set(0) for partition userSignUp_topic-0 (state.change.logger)
[2020-11-07 21:30:11,039] TRACE [Controller id=0 epoch=52] Sending UpdateMetadata request PartitionState(controllerEpoch=1, leader=0, leaderEpoch=0, isr=[0], zkVersion=0, replicas=[0], offlineReplicas=[]) to brokers Set(0) for partition response_topic-0 (state.change.logger)
[2020-11-07 21:30:11,041] TRACE [Controller id=0 epoch=52] Changed state of replica 0 for partition response_topic-0 from OnlineReplica to OnlineReplica (state.change.logger)
[2020-11-07 21:30:11,041] TRACE [Controller id=0 epoch=52] Changed state of replica 0 for partition userSignUp_topic-0 from OnlineReplica to OnlineReplica (state.change.logger)
[2020-11-07 21:30:11,043] TRACE [Broker id=0] Cached leader info PartitionState(controllerEpoch=1, leader=0, leaderEpoch=0, isr=[0], zkVersion=0, replicas=[0], offlineReplicas=[]) for partition events_topic-0 in response to UpdateMetadata request sent by controller 0 epoch 52 with correlation id 0 (state.change.logger)
[2020-11-07 21:30:11,044] TRACE [Broker id=0] Cached leader info PartitionState(controllerEpoch=12, leader=0, leaderEpoch=0, isr=[0], zkVersion=0, replicas=[0], offlineReplicas=[]) for partition messages_topic-0 in response to UpdateMetadata request sent by controller 0 epoch 52 with correlation id 0 (state.change.logger)
[2020-11-07 21:30:11,044] TRACE [Controller id=0 epoch=52] Changed state of replica 0 for partition restSignUp_topic-0 from OnlineReplica to OnlineReplica (state.change.logger)
[2020-11-07 21:30:11,044] TRACE [Broker id=0] Cached leader info PartitionState(controllerEpoch=1, leader=0, leaderEpoch=0, isr=[0], zkVersion=0, replicas=[0], offlineReplicas=[]) for partition login_topic-0 in response to UpdateMetadata request sent by controller 0 epoch 52 with correlation id 0 (state.change.logger)
[2020-11-07 21:30:11,044] TRACE [Controller id=0 epoch=52] Changed state of replica 0 for partition orders_topic-0 from OnlineReplica to OnlineReplica (state.change.logger)
[2020-11-07 21:30:11,044] TRACE [Broker id=0] Cached leader info PartitionState(controllerEpoch=1, leader=0, leaderEpoch=0, isr=[0], zkVersion=0, replicas=[0], offlineReplicas=[]) for partition response_topic-0 in response to UpdateMetadata request sent by controller 0 epoch 52 with correlation id 0 (state.change.logger)
[2020-11-07 21:30:11,044] TRACE [Broker id=0] Cached leader info PartitionState(controllerEpoch=1, leader=0, leaderEpoch=0, isr=[0], zkVersion=0, replicas=[0], offlineReplicas=[]) for partition orders_topic-0 in response to UpdateMetadata request sent by controller 0 epoch 52 with correlation id 0 (state.change.logger)
[2020-11-07 21:30:11,044] TRACE [Broker id=0] Cached leader info PartitionState(controllerEpoch=1, leader=0, leaderEpoch=0, isr=[0], zkVersion=0, replicas=[0], offlineReplicas=[]) for partition userSignUp_topic-0 in response to UpdateMetadata request sent by controller 0 epoch 52 with correlation id 0 (state.change.logger)
[2020-11-07 21:30:11,044] TRACE [Broker id=0] Cached leader info PartitionState(controllerEpoch=1, leader=0, leaderEpoch=0, isr=[0], zkVersion=0, replicas=[0], offlineReplicas=[]) for partition restSignUp_topic-0 in response to UpdateMetadata request sent by controller 0 epoch 52 with correlation id 0 (state.change.logger)
[2020-11-07 21:30:11,044] TRACE [Controller id=0 epoch=52] Changed state of replica 0 for partition messages_topic-0 from OnlineReplica to OnlineReplica (state.change.logger)
[2020-11-07 21:30:11,044] TRACE [Controller id=0 epoch=52] Changed state of replica 0 for partition login_topic-0 from OnlineReplica to OnlineReplica (state.change.logger)
[2020-11-07 21:30:11,044] TRACE [Controller id=0 epoch=52] Changed state of replica 0 for partition events_topic-0 from OnlineReplica to OnlineReplica (state.change.logger)
[2020-11-07 21:30:11,044] TRACE [Controller id=0 epoch=52] Sending become-leader LeaderAndIsr request PartitionState(controllerEpoch=12, leader=0, leaderEpoch=0, isr=0, zkVersion=0, replicas=0, isNew=false) to broker 0 for partition messages_topic-0 (state.change.logger)
[2020-11-07 21:30:11,044] TRACE [Controller id=0 epoch=52] Sending become-leader LeaderAndIsr request PartitionState(controllerEpoch=1, leader=0, leaderEpoch=0, isr=0, zkVersion=0, replicas=0, isNew=false) to broker 0 for partition login_topic-0 (state.change.logger)
[2020-11-07 21:30:11,044] TRACE [Controller id=0 epoch=52] Sending become-leader LeaderAndIsr request PartitionState(controllerEpoch=1, leader=0, leaderEpoch=0, isr=0, zkVersion=0, replicas=0, isNew=false) to broker 0 for partition restSignUp_topic-0 (state.change.logger)
[2020-11-07 21:30:11,044] TRACE [Controller id=0 epoch=52] Sending become-leader LeaderAndIsr request PartitionState(controllerEpoch=1, leader=0, leaderEpoch=0, isr=0, zkVersion=0, replicas=0, isNew=false) to broker 0 for partition events_topic-0 (state.change.logger)
[2020-11-07 21:30:11,044] TRACE [Controller id=0 epoch=52] Sending become-leader LeaderAndIsr request PartitionState(controllerEpoch=1, leader=0, leaderEpoch=0, isr=0, zkVersion=0, replicas=0, isNew=false) to broker 0 for partition orders_topic-0 (state.change.logger)
[2020-11-07 21:30:11,044] TRACE [Controller id=0 epoch=52] Sending become-leader LeaderAndIsr request PartitionState(controllerEpoch=1, leader=0, leaderEpoch=0, isr=0, zkVersion=0, replicas=0, isNew=false) to broker 0 for partition userSignUp_topic-0 (state.change.logger)
[2020-11-07 21:30:11,044] TRACE [Controller id=0 epoch=52] Sending become-leader LeaderAndIsr request PartitionState(controllerEpoch=1, leader=0, leaderEpoch=0, isr=0, zkVersion=0, replicas=0, isNew=false) to broker 0 for partition response_topic-0 (state.change.logger)
[2020-11-07 21:30:11,045] TRACE [Controller id=0 epoch=52] Sending UpdateMetadata request PartitionState(controllerEpoch=12, leader=0, leaderEpoch=0, isr=[0], zkVersion=0, replicas=[0], offlineReplicas=[]) to brokers Set(0) for partition messages_topic-0 (state.change.logger)
[2020-11-07 21:30:11,045] TRACE [Controller id=0 epoch=52] Sending UpdateMetadata request PartitionState(controllerEpoch=1, leader=0, leaderEpoch=0, isr=[0], zkVersion=0, replicas=[0], offlineReplicas=[]) to brokers Set(0) for partition login_topic-0 (state.change.logger)
[2020-11-07 21:30:11,045] TRACE [Controller id=0 epoch=52] Sending UpdateMetadata request PartitionState(controllerEpoch=1, leader=0, leaderEpoch=0, isr=[0], zkVersion=0, replicas=[0], offlineReplicas=[]) to brokers Set(0) for partition restSignUp_topic-0 (state.change.logger)
[2020-11-07 21:30:11,045] TRACE [Controller id=0 epoch=52] Sending UpdateMetadata request PartitionState(controllerEpoch=1, leader=0, leaderEpoch=0, isr=[0], zkVersion=0, replicas=[0], offlineReplicas=[]) to brokers Set(0) for partition events_topic-0 (state.change.logger)
[2020-11-07 21:30:11,045] TRACE [Controller id=0 epoch=52] Sending UpdateMetadata request PartitionState(controllerEpoch=1, leader=0, leaderEpoch=0, isr=[0], zkVersion=0, replicas=[0], offlineReplicas=[]) to brokers Set(0) for partition orders_topic-0 (state.change.logger)
[2020-11-07 21:30:11,045] TRACE [Controller id=0 epoch=52] Sending UpdateMetadata request PartitionState(controllerEpoch=1, leader=0, leaderEpoch=0, isr=[0], zkVersion=0, replicas=[0], offlineReplicas=[]) to brokers Set(0) for partition userSignUp_topic-0 (state.change.logger)
[2020-11-07 21:30:11,045] TRACE [Controller id=0 epoch=52] Sending UpdateMetadata request PartitionState(controllerEpoch=1, leader=0, leaderEpoch=0, isr=[0], zkVersion=0, replicas=[0], offlineReplicas=[]) to brokers Set(0) for partition response_topic-0 (state.change.logger)
[2020-11-07 21:30:11,045] TRACE [Controller id=0 epoch=52] Received response {error_code=0} for request UPDATE_METADATA with correlation id 0 sent to broker localhost:9092 (id: 0 rack: null) (state.change.logger)
[2020-11-07 21:30:11,046] TRACE [Broker id=0] Received LeaderAndIsr request PartitionState(controllerEpoch=12, leader=0, leaderEpoch=0, isr=0, zkVersion=0, replicas=0, isNew=false) correlation id 1 from controller 0 epoch 52 for partition messages_topic-0 (state.change.logger)
[2020-11-07 21:30:11,047] TRACE [Broker id=0] Received LeaderAndIsr request PartitionState(controllerEpoch=1, leader=0, leaderEpoch=0, isr=0, zkVersion=0, replicas=0, isNew=false) correlation id 1 from controller 0 epoch 52 for partition events_topic-0 (state.change.logger)
[2020-11-07 21:30:11,047] TRACE [Broker id=0] Received LeaderAndIsr request PartitionState(controllerEpoch=1, leader=0, leaderEpoch=0, isr=0, zkVersion=0, replicas=0, isNew=false) correlation id 1 from controller 0 epoch 52 for partition login_topic-0 (state.change.logger)
[2020-11-07 21:30:11,047] TRACE [Broker id=0] Received LeaderAndIsr request PartitionState(controllerEpoch=1, leader=0, leaderEpoch=0, isr=0, zkVersion=0, replicas=0, isNew=false) correlation id 1 from controller 0 epoch 52 for partition orders_topic-0 (state.change.logger)
[2020-11-07 21:30:11,047] TRACE [Broker id=0] Received LeaderAndIsr request PartitionState(controllerEpoch=1, leader=0, leaderEpoch=0, isr=0, zkVersion=0, replicas=0, isNew=false) correlation id 1 from controller 0 epoch 52 for partition response_topic-0 (state.change.logger)
[2020-11-07 21:30:11,047] TRACE [Broker id=0] Received LeaderAndIsr request PartitionState(controllerEpoch=1, leader=0, leaderEpoch=0, isr=0, zkVersion=0, replicas=0, isNew=false) correlation id 1 from controller 0 epoch 52 for partition userSignUp_topic-0 (state.change.logger)
[2020-11-07 21:30:11,047] TRACE [Broker id=0] Received LeaderAndIsr request PartitionState(controllerEpoch=1, leader=0, leaderEpoch=0, isr=0, zkVersion=0, replicas=0, isNew=false) correlation id 1 from controller 0 epoch 52 for partition restSignUp_topic-0 (state.change.logger)
[2020-11-07 21:30:11,048] WARN [Broker id=0] Ignoring LeaderAndIsr request from controller 0 with correlation id 1 epoch 52 for partition messages_topic-0 since its associated leader epoch 0 is not higher than the current leader epoch 0 (state.change.logger)
[2020-11-07 21:30:11,048] WARN [Broker id=0] Ignoring LeaderAndIsr request from controller 0 with correlation id 1 epoch 52 for partition events_topic-0 since its associated leader epoch 0 is not higher than the current leader epoch 0 (state.change.logger)
[2020-11-07 21:30:11,048] WARN [Broker id=0] Ignoring LeaderAndIsr request from controller 0 with correlation id 1 epoch 52 for partition login_topic-0 since its associated leader epoch 0 is not higher than the current leader epoch 0 (state.change.logger)
[2020-11-07 21:30:11,048] WARN [Broker id=0] Ignoring LeaderAndIsr request from controller 0 with correlation id 1 epoch 52 for partition orders_topic-0 since its associated leader epoch 0 is not higher than the current leader epoch 0 (state.change.logger)
[2020-11-07 21:30:11,048] WARN [Broker id=0] Ignoring LeaderAndIsr request from controller 0 with correlation id 1 epoch 52 for partition response_topic-0 since its associated leader epoch 0 is not higher than the current leader epoch 0 (state.change.logger)
[2020-11-07 21:30:11,048] WARN [Broker id=0] Ignoring LeaderAndIsr request from controller 0 with correlation id 1 epoch 52 for partition userSignUp_topic-0 since its associated leader epoch 0 is not higher than the current leader epoch 0 (state.change.logger)
[2020-11-07 21:30:11,048] WARN [Broker id=0] Ignoring LeaderAndIsr request from controller 0 with correlation id 1 epoch 52 for partition restSignUp_topic-0 since its associated leader epoch 0 is not higher than the current leader epoch 0 (state.change.logger)
[2020-11-07 21:30:11,049] TRACE [Controller id=0 epoch=52] Received response {error_code=0,partitions=[{topic=messages_topic,partition=0,error_code=11},{topic=events_topic,partition=0,error_code=11},{topic=login_topic,partition=0,error_code=11},{topic=orders_topic,partition=0,error_code=11},{topic=response_topic,partition=0,error_code=11},{topic=userSignUp_topic,partition=0,error_code=11},{topic=restSignUp_topic,partition=0,error_code=11}]} for request LEADER_AND_ISR with correlation id 1 sent to broker localhost:9092 (id: 0 rack: null) (state.change.logger)
[2020-11-07 21:30:11,049] TRACE [Broker id=0] Cached leader info PartitionState(controllerEpoch=1, leader=0, leaderEpoch=0, isr=[0], zkVersion=0, replicas=[0], offlineReplicas=[]) for partition events_topic-0 in response to UpdateMetadata request sent by controller 0 epoch 52 with correlation id 2 (state.change.logger)
[2020-11-07 21:30:11,049] TRACE [Broker id=0] Cached leader info PartitionState(controllerEpoch=12, leader=0, leaderEpoch=0, isr=[0], zkVersion=0, replicas=[0], offlineReplicas=[]) for partition messages_topic-0 in response to UpdateMetadata request sent by controller 0 epoch 52 with correlation id 2 (state.change.logger)
[2020-11-07 21:30:11,049] TRACE [Broker id=0] Cached leader info PartitionState(controllerEpoch=1, leader=0, leaderEpoch=0, isr=[0], zkVersion=0, replicas=[0], offlineReplicas=[]) for partition login_topic-0 in response to UpdateMetadata request sent by controller 0 epoch 52 with correlation id 2 (state.change.logger)
[2020-11-07 21:30:11,049] TRACE [Broker id=0] Cached leader info PartitionState(controllerEpoch=1, leader=0, leaderEpoch=0, isr=[0], zkVersion=0, replicas=[0], offlineReplicas=[]) for partition response_topic-0 in response to UpdateMetadata request sent by controller 0 epoch 52 with correlation id 2 (state.change.logger)
[2020-11-07 21:30:11,049] TRACE [Broker id=0] Cached leader info PartitionState(controllerEpoch=1, leader=0, leaderEpoch=0, isr=[0], zkVersion=0, replicas=[0], offlineReplicas=[]) for partition orders_topic-0 in response to UpdateMetadata request sent by controller 0 epoch 52 with correlation id 2 (state.change.logger)
[2020-11-07 21:30:11,049] TRACE [Broker id=0] Cached leader info PartitionState(controllerEpoch=1, leader=0, leaderEpoch=0, isr=[0], zkVersion=0, replicas=[0], offlineReplicas=[]) for partition userSignUp_topic-0 in response to UpdateMetadata request sent by controller 0 epoch 52 with correlation id 2 (state.change.logger)
[2020-11-07 21:30:11,049] TRACE [Broker id=0] Cached leader info PartitionState(controllerEpoch=1, leader=0, leaderEpoch=0, isr=[0], zkVersion=0, replicas=[0], offlineReplicas=[]) for partition restSignUp_topic-0 in response to UpdateMetadata request sent by controller 0 epoch 52 with correlation id 2 (state.change.logger)
[2020-11-07 21:30:11,049] TRACE [Controller id=0 epoch=52] Received response {error_code=0} for request UPDATE_METADATA with correlation id 2 sent to broker localhost:9092 (id: 0 rack: null) (state.change.logger)
[2020-11-07 21:34:55,633] TRACE [Controller id=0 epoch=53] Sending UpdateMetadata request PartitionState(controllerEpoch=12, leader=0, leaderEpoch=0, isr=[0], zkVersion=0, replicas=[0], offlineReplicas=[]) to brokers Set(0) for partition messages_topic-0 (state.change.logger)
[2020-11-07 21:34:55,634] TRACE [Controller id=0 epoch=53] Sending UpdateMetadata request PartitionState(controllerEpoch=1, leader=0, leaderEpoch=0, isr=[0], zkVersion=0, replicas=[0], offlineReplicas=[]) to brokers Set(0) for partition login_topic-0 (state.change.logger)
[2020-11-07 21:34:55,639] TRACE [Controller id=0 epoch=53] Sending UpdateMetadata request PartitionState(controllerEpoch=1, leader=0, leaderEpoch=0, isr=[0], zkVersion=0, replicas=[0], offlineReplicas=[]) to brokers Set(0) for partition restSignUp_topic-0 (state.change.logger)
[2020-11-07 21:34:55,640] TRACE [Controller id=0 epoch=53] Sending UpdateMetadata request PartitionState(controllerEpoch=1, leader=0, leaderEpoch=0, isr=[0], zkVersion=0, replicas=[0], offlineReplicas=[]) to brokers Set(0) for partition events_topic-0 (state.change.logger)
[2020-11-07 21:34:55,640] TRACE [Controller id=0 epoch=53] Sending UpdateMetadata request PartitionState(controllerEpoch=1, leader=0, leaderEpoch=0, isr=[0], zkVersion=0, replicas=[0], offlineReplicas=[]) to brokers Set(0) for partition orders_topic-0 (state.change.logger)
[2020-11-07 21:34:55,640] TRACE [Controller id=0 epoch=53] Sending UpdateMetadata request PartitionState(controllerEpoch=1, leader=0, leaderEpoch=0, isr=[0], zkVersion=0, replicas=[0], offlineReplicas=[]) to brokers Set(0) for partition userSignUp_topic-0 (state.change.logger)
[2020-11-07 21:34:55,641] TRACE [Controller id=0 epoch=53] Sending UpdateMetadata request PartitionState(controllerEpoch=1, leader=0, leaderEpoch=0, isr=[0], zkVersion=0, replicas=[0], offlineReplicas=[]) to brokers Set(0) for partition response_topic-0 (state.change.logger)
[2020-11-07 21:34:55,643] TRACE [Controller id=0 epoch=53] Changed state of replica 0 for partition response_topic-0 from OnlineReplica to OnlineReplica (state.change.logger)
[2020-11-07 21:34:55,643] TRACE [Controller id=0 epoch=53] Changed state of replica 0 for partition userSignUp_topic-0 from OnlineReplica to OnlineReplica (state.change.logger)
[2020-11-07 21:34:55,644] TRACE [Controller id=0 epoch=53] Changed state of replica 0 for partition restSignUp_topic-0 from OnlineReplica to OnlineReplica (state.change.logger)
[2020-11-07 21:34:55,644] TRACE [Controller id=0 epoch=53] Changed state of replica 0 for partition orders_topic-0 from OnlineReplica to OnlineReplica (state.change.logger)
[2020-11-07 21:34:55,644] TRACE [Controller id=0 epoch=53] Changed state of replica 0 for partition messages_topic-0 from OnlineReplica to OnlineReplica (state.change.logger)
[2020-11-07 21:34:55,644] TRACE [Controller id=0 epoch=53] Changed state of replica 0 for partition login_topic-0 from OnlineReplica to OnlineReplica (state.change.logger)
[2020-11-07 21:34:55,645] TRACE [Broker id=0] Cached leader info PartitionState(controllerEpoch=1, leader=0, leaderEpoch=0, isr=[0], zkVersion=0, replicas=[0], offlineReplicas=[]) for partition events_topic-0 in response to UpdateMetadata request sent by controller 0 epoch 53 with correlation id 0 (state.change.logger)
[2020-11-07 21:34:55,645] TRACE [Broker id=0] Cached leader info PartitionState(controllerEpoch=12, leader=0, leaderEpoch=0, isr=[0], zkVersion=0, replicas=[0], offlineReplicas=[]) for partition messages_topic-0 in response to UpdateMetadata request sent by controller 0 epoch 53 with correlation id 0 (state.change.logger)
[2020-11-07 21:34:55,645] TRACE [Controller id=0 epoch=53] Changed state of replica 0 for partition events_topic-0 from OnlineReplica to OnlineReplica (state.change.logger)
[2020-11-07 21:34:55,645] TRACE [Broker id=0] Cached leader info PartitionState(controllerEpoch=1, leader=0, leaderEpoch=0, isr=[0], zkVersion=0, replicas=[0], offlineReplicas=[]) for partition login_topic-0 in response to UpdateMetadata request sent by controller 0 epoch 53 with correlation id 0 (state.change.logger)
[2020-11-07 21:34:55,645] TRACE [Controller id=0 epoch=53] Sending become-leader LeaderAndIsr request PartitionState(controllerEpoch=12, leader=0, leaderEpoch=0, isr=0, zkVersion=0, replicas=0, isNew=false) to broker 0 for partition messages_topic-0 (state.change.logger)
[2020-11-07 21:34:55,645] TRACE [Controller id=0 epoch=53] Sending become-leader LeaderAndIsr request PartitionState(controllerEpoch=1, leader=0, leaderEpoch=0, isr=0, zkVersion=0, replicas=0, isNew=false) to broker 0 for partition login_topic-0 (state.change.logger)
[2020-11-07 21:34:55,645] TRACE [Controller id=0 epoch=53] Sending become-leader LeaderAndIsr request PartitionState(controllerEpoch=1, leader=0, leaderEpoch=0, isr=0, zkVersion=0, replicas=0, isNew=false) to broker 0 for partition restSignUp_topic-0 (state.change.logger)
[2020-11-07 21:34:55,645] TRACE [Controller id=0 epoch=53] Sending become-leader LeaderAndIsr request PartitionState(controllerEpoch=1, leader=0, leaderEpoch=0, isr=0, zkVersion=0, replicas=0, isNew=false) to broker 0 for partition events_topic-0 (state.change.logger)
[2020-11-07 21:34:55,645] TRACE [Controller id=0 epoch=53] Sending become-leader LeaderAndIsr request PartitionState(controllerEpoch=1, leader=0, leaderEpoch=0, isr=0, zkVersion=0, replicas=0, isNew=false) to broker 0 for partition orders_topic-0 (state.change.logger)
[2020-11-07 21:34:55,645] TRACE [Controller id=0 epoch=53] Sending become-leader LeaderAndIsr request PartitionState(controllerEpoch=1, leader=0, leaderEpoch=0, isr=0, zkVersion=0, replicas=0, isNew=false) to broker 0 for partition userSignUp_topic-0 (state.change.logger)
[2020-11-07 21:34:55,646] TRACE [Controller id=0 epoch=53] Sending become-leader LeaderAndIsr request PartitionState(controllerEpoch=1, leader=0, leaderEpoch=0, isr=0, zkVersion=0, replicas=0, isNew=false) to broker 0 for partition response_topic-0 (state.change.logger)
[2020-11-07 21:34:55,646] TRACE [Controller id=0 epoch=53] Sending UpdateMetadata request PartitionState(controllerEpoch=12, leader=0, leaderEpoch=0, isr=[0], zkVersion=0, replicas=[0], offlineReplicas=[]) to brokers Set(0) for partition messages_topic-0 (state.change.logger)
[2020-11-07 21:34:55,646] TRACE [Controller id=0 epoch=53] Sending UpdateMetadata request PartitionState(controllerEpoch=1, leader=0, leaderEpoch=0, isr=[0], zkVersion=0, replicas=[0], offlineReplicas=[]) to brokers Set(0) for partition login_topic-0 (state.change.logger)
[2020-11-07 21:34:55,646] TRACE [Controller id=0 epoch=53] Sending UpdateMetadata request PartitionState(controllerEpoch=1, leader=0, leaderEpoch=0, isr=[0], zkVersion=0, replicas=[0], offlineReplicas=[]) to brokers Set(0) for partition restSignUp_topic-0 (state.change.logger)
[2020-11-07 21:34:55,646] TRACE [Controller id=0 epoch=53] Sending UpdateMetadata request PartitionState(controllerEpoch=1, leader=0, leaderEpoch=0, isr=[0], zkVersion=0, replicas=[0], offlineReplicas=[]) to brokers Set(0) for partition events_topic-0 (state.change.logger)
[2020-11-07 21:34:55,646] TRACE [Broker id=0] Cached leader info PartitionState(controllerEpoch=1, leader=0, leaderEpoch=0, isr=[0], zkVersion=0, replicas=[0], offlineReplicas=[]) for partition response_topic-0 in response to UpdateMetadata request sent by controller 0 epoch 53 with correlation id 0 (state.change.logger)
[2020-11-07 21:34:55,646] TRACE [Broker id=0] Cached leader info PartitionState(controllerEpoch=1, leader=0, leaderEpoch=0, isr=[0], zkVersion=0, replicas=[0], offlineReplicas=[]) for partition orders_topic-0 in response to UpdateMetadata request sent by controller 0 epoch 53 with correlation id 0 (state.change.logger)
[2020-11-07 21:34:55,646] TRACE [Controller id=0 epoch=53] Sending UpdateMetadata request PartitionState(controllerEpoch=1, leader=0, leaderEpoch=0, isr=[0], zkVersion=0, replicas=[0], offlineReplicas=[]) to brokers Set(0) for partition orders_topic-0 (state.change.logger)
[2020-11-07 21:34:55,646] TRACE [Broker id=0] Cached leader info PartitionState(controllerEpoch=1, leader=0, leaderEpoch=0, isr=[0], zkVersion=0, replicas=[0], offlineReplicas=[]) for partition userSignUp_topic-0 in response to UpdateMetadata request sent by controller 0 epoch 53 with correlation id 0 (state.change.logger)
[2020-11-07 21:34:55,646] TRACE [Controller id=0 epoch=53] Sending UpdateMetadata request PartitionState(controllerEpoch=1, leader=0, leaderEpoch=0, isr=[0], zkVersion=0, replicas=[0], offlineReplicas=[]) to brokers Set(0) for partition userSignUp_topic-0 (state.change.logger)
[2020-11-07 21:34:55,646] TRACE [Broker id=0] Cached leader info PartitionState(controllerEpoch=1, leader=0, leaderEpoch=0, isr=[0], zkVersion=0, replicas=[0], offlineReplicas=[]) for partition restSignUp_topic-0 in response to UpdateMetadata request sent by controller 0 epoch 53 with correlation id 0 (state.change.logger)
[2020-11-07 21:34:55,647] TRACE [Controller id=0 epoch=53] Sending UpdateMetadata request PartitionState(controllerEpoch=1, leader=0, leaderEpoch=0, isr=[0], zkVersion=0, replicas=[0], offlineReplicas=[]) to brokers Set(0) for partition response_topic-0 (state.change.logger)
[2020-11-07 21:34:55,648] TRACE [Controller id=0 epoch=53] Received response {error_code=0} for request UPDATE_METADATA with correlation id 0 sent to broker localhost:9092 (id: 0 rack: null) (state.change.logger)
[2020-11-07 21:34:55,648] TRACE [Broker id=0] Received LeaderAndIsr request PartitionState(controllerEpoch=12, leader=0, leaderEpoch=0, isr=0, zkVersion=0, replicas=0, isNew=false) correlation id 1 from controller 0 epoch 53 for partition messages_topic-0 (state.change.logger)
[2020-11-07 21:34:55,648] TRACE [Broker id=0] Received LeaderAndIsr request PartitionState(controllerEpoch=1, leader=0, leaderEpoch=0, isr=0, zkVersion=0, replicas=0, isNew=false) correlation id 1 from controller 0 epoch 53 for partition events_topic-0 (state.change.logger)
[2020-11-07 21:34:55,648] TRACE [Broker id=0] Received LeaderAndIsr request PartitionState(controllerEpoch=1, leader=0, leaderEpoch=0, isr=0, zkVersion=0, replicas=0, isNew=false) correlation id 1 from controller 0 epoch 53 for partition login_topic-0 (state.change.logger)
[2020-11-07 21:34:55,648] TRACE [Broker id=0] Received LeaderAndIsr request PartitionState(controllerEpoch=1, leader=0, leaderEpoch=0, isr=0, zkVersion=0, replicas=0, isNew=false) correlation id 1 from controller 0 epoch 53 for partition orders_topic-0 (state.change.logger)
[2020-11-07 21:34:55,648] TRACE [Broker id=0] Received LeaderAndIsr request PartitionState(controllerEpoch=1, leader=0, leaderEpoch=0, isr=0, zkVersion=0, replicas=0, isNew=false) correlation id 1 from controller 0 epoch 53 for partition response_topic-0 (state.change.logger)
[2020-11-07 21:34:55,648] TRACE [Broker id=0] Received LeaderAndIsr request PartitionState(controllerEpoch=1, leader=0, leaderEpoch=0, isr=0, zkVersion=0, replicas=0, isNew=false) correlation id 1 from controller 0 epoch 53 for partition userSignUp_topic-0 (state.change.logger)
[2020-11-07 21:34:55,649] TRACE [Broker id=0] Received LeaderAndIsr request PartitionState(controllerEpoch=1, leader=0, leaderEpoch=0, isr=0, zkVersion=0, replicas=0, isNew=false) correlation id 1 from controller 0 epoch 53 for partition restSignUp_topic-0 (state.change.logger)
[2020-11-07 21:34:55,649] WARN [Broker id=0] Ignoring LeaderAndIsr request from controller 0 with correlation id 1 epoch 53 for partition messages_topic-0 since its associated leader epoch 0 is not higher than the current leader epoch 0 (state.change.logger)
[2020-11-07 21:34:55,649] WARN [Broker id=0] Ignoring LeaderAndIsr request from controller 0 with correlation id 1 epoch 53 for partition events_topic-0 since its associated leader epoch 0 is not higher than the current leader epoch 0 (state.change.logger)
[2020-11-07 21:34:55,649] WARN [Broker id=0] Ignoring LeaderAndIsr request from controller 0 with correlation id 1 epoch 53 for partition login_topic-0 since its associated leader epoch 0 is not higher than the current leader epoch 0 (state.change.logger)
[2020-11-07 21:34:55,649] WARN [Broker id=0] Ignoring LeaderAndIsr request from controller 0 with correlation id 1 epoch 53 for partition orders_topic-0 since its associated leader epoch 0 is not higher than the current leader epoch 0 (state.change.logger)
[2020-11-07 21:34:55,649] WARN [Broker id=0] Ignoring LeaderAndIsr request from controller 0 with correlation id 1 epoch 53 for partition response_topic-0 since its associated leader epoch 0 is not higher than the current leader epoch 0 (state.change.logger)
[2020-11-07 21:34:55,649] WARN [Broker id=0] Ignoring LeaderAndIsr request from controller 0 with correlation id 1 epoch 53 for partition userSignUp_topic-0 since its associated leader epoch 0 is not higher than the current leader epoch 0 (state.change.logger)
[2020-11-07 21:34:55,649] WARN [Broker id=0] Ignoring LeaderAndIsr request from controller 0 with correlation id 1 epoch 53 for partition restSignUp_topic-0 since its associated leader epoch 0 is not higher than the current leader epoch 0 (state.change.logger)
[2020-11-07 21:34:55,652] TRACE [Controller id=0 epoch=53] Received response {error_code=0,partitions=[{topic=messages_topic,partition=0,error_code=11},{topic=events_topic,partition=0,error_code=11},{topic=login_topic,partition=0,error_code=11},{topic=orders_topic,partition=0,error_code=11},{topic=response_topic,partition=0,error_code=11},{topic=userSignUp_topic,partition=0,error_code=11},{topic=restSignUp_topic,partition=0,error_code=11}]} for request LEADER_AND_ISR with correlation id 1 sent to broker localhost:9092 (id: 0 rack: null) (state.change.logger)
[2020-11-07 21:34:55,653] TRACE [Broker id=0] Cached leader info PartitionState(controllerEpoch=1, leader=0, leaderEpoch=0, isr=[0], zkVersion=0, replicas=[0], offlineReplicas=[]) for partition events_topic-0 in response to UpdateMetadata request sent by controller 0 epoch 53 with correlation id 2 (state.change.logger)
[2020-11-07 21:34:55,653] TRACE [Broker id=0] Cached leader info PartitionState(controllerEpoch=12, leader=0, leaderEpoch=0, isr=[0], zkVersion=0, replicas=[0], offlineReplicas=[]) for partition messages_topic-0 in response to UpdateMetadata request sent by controller 0 epoch 53 with correlation id 2 (state.change.logger)
[2020-11-07 21:34:55,653] TRACE [Broker id=0] Cached leader info PartitionState(controllerEpoch=1, leader=0, leaderEpoch=0, isr=[0], zkVersion=0, replicas=[0], offlineReplicas=[]) for partition login_topic-0 in response to UpdateMetadata request sent by controller 0 epoch 53 with correlation id 2 (state.change.logger)
[2020-11-07 21:34:55,653] TRACE [Broker id=0] Cached leader info PartitionState(controllerEpoch=1, leader=0, leaderEpoch=0, isr=[0], zkVersion=0, replicas=[0], offlineReplicas=[]) for partition response_topic-0 in response to UpdateMetadata request sent by controller 0 epoch 53 with correlation id 2 (state.change.logger)
[2020-11-07 21:34:55,653] TRACE [Broker id=0] Cached leader info PartitionState(controllerEpoch=1, leader=0, leaderEpoch=0, isr=[0], zkVersion=0, replicas=[0], offlineReplicas=[]) for partition orders_topic-0 in response to UpdateMetadata request sent by controller 0 epoch 53 with correlation id 2 (state.change.logger)
[2020-11-07 21:34:55,654] TRACE [Broker id=0] Cached leader info PartitionState(controllerEpoch=1, leader=0, leaderEpoch=0, isr=[0], zkVersion=0, replicas=[0], offlineReplicas=[]) for partition userSignUp_topic-0 in response to UpdateMetadata request sent by controller 0 epoch 53 with correlation id 2 (state.change.logger)
[2020-11-07 21:34:55,654] TRACE [Broker id=0] Cached leader info PartitionState(controllerEpoch=1, leader=0, leaderEpoch=0, isr=[0], zkVersion=0, replicas=[0], offlineReplicas=[]) for partition restSignUp_topic-0 in response to UpdateMetadata request sent by controller 0 epoch 53 with correlation id 2 (state.change.logger)
[2020-11-07 21:34:55,655] TRACE [Controller id=0 epoch=53] Received response {error_code=0} for request UPDATE_METADATA with correlation id 2 sent to broker localhost:9092 (id: 0 rack: null) (state.change.logger)
[2020-11-07 21:39:39,840] TRACE [Controller id=0 epoch=54] Sending UpdateMetadata request PartitionState(controllerEpoch=12, leader=0, leaderEpoch=0, isr=[0], zkVersion=0, replicas=[0], offlineReplicas=[]) to brokers Set(0) for partition messages_topic-0 (state.change.logger)
[2020-11-07 21:39:39,841] TRACE [Controller id=0 epoch=54] Sending UpdateMetadata request PartitionState(controllerEpoch=1, leader=0, leaderEpoch=0, isr=[0], zkVersion=0, replicas=[0], offlineReplicas=[]) to brokers Set(0) for partition login_topic-0 (state.change.logger)
[2020-11-07 21:39:39,841] TRACE [Controller id=0 epoch=54] Sending UpdateMetadata request PartitionState(controllerEpoch=1, leader=0, leaderEpoch=0, isr=[0], zkVersion=0, replicas=[0], offlineReplicas=[]) to brokers Set(0) for partition restSignUp_topic-0 (state.change.logger)
[2020-11-07 21:39:39,843] TRACE [Controller id=0 epoch=54] Sending UpdateMetadata request PartitionState(controllerEpoch=1, leader=0, leaderEpoch=0, isr=[0], zkVersion=0, replicas=[0], offlineReplicas=[]) to brokers Set(0) for partition events_topic-0 (state.change.logger)
[2020-11-07 21:39:39,844] TRACE [Controller id=0 epoch=54] Sending UpdateMetadata request PartitionState(controllerEpoch=1, leader=0, leaderEpoch=0, isr=[0], zkVersion=0, replicas=[0], offlineReplicas=[]) to brokers Set(0) for partition orders_topic-0 (state.change.logger)
[2020-11-07 21:39:39,844] TRACE [Controller id=0 epoch=54] Sending UpdateMetadata request PartitionState(controllerEpoch=1, leader=0, leaderEpoch=0, isr=[0], zkVersion=0, replicas=[0], offlineReplicas=[]) to brokers Set(0) for partition userSignUp_topic-0 (state.change.logger)
[2020-11-07 21:39:39,844] TRACE [Controller id=0 epoch=54] Sending UpdateMetadata request PartitionState(controllerEpoch=1, leader=0, leaderEpoch=0, isr=[0], zkVersion=0, replicas=[0], offlineReplicas=[]) to brokers Set(0) for partition response_topic-0 (state.change.logger)
[2020-11-07 21:39:39,846] TRACE [Controller id=0 epoch=54] Changed state of replica 0 for partition response_topic-0 from OnlineReplica to OnlineReplica (state.change.logger)
[2020-11-07 21:39:39,846] TRACE [Controller id=0 epoch=54] Changed state of replica 0 for partition userSignUp_topic-0 from OnlineReplica to OnlineReplica (state.change.logger)
[2020-11-07 21:39:39,846] TRACE [Controller id=0 epoch=54] Changed state of replica 0 for partition restSignUp_topic-0 from OnlineReplica to OnlineReplica (state.change.logger)
[2020-11-07 21:39:39,846] TRACE [Controller id=0 epoch=54] Changed state of replica 0 for partition orders_topic-0 from OnlineReplica to OnlineReplica (state.change.logger)
[2020-11-07 21:39:39,847] TRACE [Controller id=0 epoch=54] Changed state of replica 0 for partition messages_topic-0 from OnlineReplica to OnlineReplica (state.change.logger)
[2020-11-07 21:39:39,847] TRACE [Controller id=0 epoch=54] Changed state of replica 0 for partition login_topic-0 from OnlineReplica to OnlineReplica (state.change.logger)
[2020-11-07 21:39:39,847] TRACE [Controller id=0 epoch=54] Changed state of replica 0 for partition events_topic-0 from OnlineReplica to OnlineReplica (state.change.logger)
[2020-11-07 21:39:39,847] TRACE [Controller id=0 epoch=54] Sending become-leader LeaderAndIsr request PartitionState(controllerEpoch=12, leader=0, leaderEpoch=0, isr=0, zkVersion=0, replicas=0, isNew=false) to broker 0 for partition messages_topic-0 (state.change.logger)
[2020-11-07 21:39:39,847] TRACE [Controller id=0 epoch=54] Sending become-leader LeaderAndIsr request PartitionState(controllerEpoch=1, leader=0, leaderEpoch=0, isr=0, zkVersion=0, replicas=0, isNew=false) to broker 0 for partition login_topic-0 (state.change.logger)
[2020-11-07 21:39:39,847] TRACE [Controller id=0 epoch=54] Sending become-leader LeaderAndIsr request PartitionState(controllerEpoch=1, leader=0, leaderEpoch=0, isr=0, zkVersion=0, replicas=0, isNew=false) to broker 0 for partition restSignUp_topic-0 (state.change.logger)
[2020-11-07 21:39:39,847] TRACE [Controller id=0 epoch=54] Sending become-leader LeaderAndIsr request PartitionState(controllerEpoch=1, leader=0, leaderEpoch=0, isr=0, zkVersion=0, replicas=0, isNew=false) to broker 0 for partition events_topic-0 (state.change.logger)
[2020-11-07 21:39:39,847] TRACE [Controller id=0 epoch=54] Sending become-leader LeaderAndIsr request PartitionState(controllerEpoch=1, leader=0, leaderEpoch=0, isr=0, zkVersion=0, replicas=0, isNew=false) to broker 0 for partition orders_topic-0 (state.change.logger)
[2020-11-07 21:39:39,847] TRACE [Controller id=0 epoch=54] Sending become-leader LeaderAndIsr request PartitionState(controllerEpoch=1, leader=0, leaderEpoch=0, isr=0, zkVersion=0, replicas=0, isNew=false) to broker 0 for partition userSignUp_topic-0 (state.change.logger)
[2020-11-07 21:39:39,847] TRACE [Controller id=0 epoch=54] Sending become-leader LeaderAndIsr request PartitionState(controllerEpoch=1, leader=0, leaderEpoch=0, isr=0, zkVersion=0, replicas=0, isNew=false) to broker 0 for partition response_topic-0 (state.change.logger)
[2020-11-07 21:39:39,848] TRACE [Controller id=0 epoch=54] Sending UpdateMetadata request PartitionState(controllerEpoch=12, leader=0, leaderEpoch=0, isr=[0], zkVersion=0, replicas=[0], offlineReplicas=[]) to brokers Set(0) for partition messages_topic-0 (state.change.logger)
[2020-11-07 21:39:39,848] TRACE [Controller id=0 epoch=54] Sending UpdateMetadata request PartitionState(controllerEpoch=1, leader=0, leaderEpoch=0, isr=[0], zkVersion=0, replicas=[0], offlineReplicas=[]) to brokers Set(0) for partition login_topic-0 (state.change.logger)
[2020-11-07 21:39:39,848] TRACE [Controller id=0 epoch=54] Sending UpdateMetadata request PartitionState(controllerEpoch=1, leader=0, leaderEpoch=0, isr=[0], zkVersion=0, replicas=[0], offlineReplicas=[]) to brokers Set(0) for partition restSignUp_topic-0 (state.change.logger)
[2020-11-07 21:39:39,848] TRACE [Controller id=0 epoch=54] Sending UpdateMetadata request PartitionState(controllerEpoch=1, leader=0, leaderEpoch=0, isr=[0], zkVersion=0, replicas=[0], offlineReplicas=[]) to brokers Set(0) for partition events_topic-0 (state.change.logger)
[2020-11-07 21:39:39,848] TRACE [Controller id=0 epoch=54] Sending UpdateMetadata request PartitionState(controllerEpoch=1, leader=0, leaderEpoch=0, isr=[0], zkVersion=0, replicas=[0], offlineReplicas=[]) to brokers Set(0) for partition orders_topic-0 (state.change.logger)
[2020-11-07 21:39:39,848] TRACE [Controller id=0 epoch=54] Sending UpdateMetadata request PartitionState(controllerEpoch=1, leader=0, leaderEpoch=0, isr=[0], zkVersion=0, replicas=[0], offlineReplicas=[]) to brokers Set(0) for partition userSignUp_topic-0 (state.change.logger)
[2020-11-07 21:39:39,848] TRACE [Controller id=0 epoch=54] Sending UpdateMetadata request PartitionState(controllerEpoch=1, leader=0, leaderEpoch=0, isr=[0], zkVersion=0, replicas=[0], offlineReplicas=[]) to brokers Set(0) for partition response_topic-0 (state.change.logger)
[2020-11-07 21:39:39,849] TRACE [Broker id=0] Cached leader info PartitionState(controllerEpoch=1, leader=0, leaderEpoch=0, isr=[0], zkVersion=0, replicas=[0], offlineReplicas=[]) for partition events_topic-0 in response to UpdateMetadata request sent by controller 0 epoch 54 with correlation id 0 (state.change.logger)
[2020-11-07 21:39:39,849] TRACE [Broker id=0] Cached leader info PartitionState(controllerEpoch=12, leader=0, leaderEpoch=0, isr=[0], zkVersion=0, replicas=[0], offlineReplicas=[]) for partition messages_topic-0 in response to UpdateMetadata request sent by controller 0 epoch 54 with correlation id 0 (state.change.logger)
[2020-11-07 21:39:39,849] TRACE [Broker id=0] Cached leader info PartitionState(controllerEpoch=1, leader=0, leaderEpoch=0, isr=[0], zkVersion=0, replicas=[0], offlineReplicas=[]) for partition login_topic-0 in response to UpdateMetadata request sent by controller 0 epoch 54 with correlation id 0 (state.change.logger)
[2020-11-07 21:39:39,851] TRACE [Broker id=0] Cached leader info PartitionState(controllerEpoch=1, leader=0, leaderEpoch=0, isr=[0], zkVersion=0, replicas=[0], offlineReplicas=[]) for partition response_topic-0 in response to UpdateMetadata request sent by controller 0 epoch 54 with correlation id 0 (state.change.logger)
[2020-11-07 21:39:39,851] TRACE [Broker id=0] Cached leader info PartitionState(controllerEpoch=1, leader=0, leaderEpoch=0, isr=[0], zkVersion=0, replicas=[0], offlineReplicas=[]) for partition orders_topic-0 in response to UpdateMetadata request sent by controller 0 epoch 54 with correlation id 0 (state.change.logger)
[2020-11-07 21:39:39,852] TRACE [Broker id=0] Cached leader info PartitionState(controllerEpoch=1, leader=0, leaderEpoch=0, isr=[0], zkVersion=0, replicas=[0], offlineReplicas=[]) for partition userSignUp_topic-0 in response to UpdateMetadata request sent by controller 0 epoch 54 with correlation id 0 (state.change.logger)
[2020-11-07 21:39:39,852] TRACE [Broker id=0] Cached leader info PartitionState(controllerEpoch=1, leader=0, leaderEpoch=0, isr=[0], zkVersion=0, replicas=[0], offlineReplicas=[]) for partition restSignUp_topic-0 in response to UpdateMetadata request sent by controller 0 epoch 54 with correlation id 0 (state.change.logger)
[2020-11-07 21:39:39,852] TRACE [Controller id=0 epoch=54] Received response {error_code=0} for request UPDATE_METADATA with correlation id 0 sent to broker localhost:9092 (id: 0 rack: null) (state.change.logger)
[2020-11-07 21:39:39,853] TRACE [Broker id=0] Received LeaderAndIsr request PartitionState(controllerEpoch=12, leader=0, leaderEpoch=0, isr=0, zkVersion=0, replicas=0, isNew=false) correlation id 1 from controller 0 epoch 54 for partition messages_topic-0 (state.change.logger)
[2020-11-07 21:39:39,853] TRACE [Broker id=0] Received LeaderAndIsr request PartitionState(controllerEpoch=1, leader=0, leaderEpoch=0, isr=0, zkVersion=0, replicas=0, isNew=false) correlation id 1 from controller 0 epoch 54 for partition events_topic-0 (state.change.logger)
[2020-11-07 21:39:39,853] TRACE [Broker id=0] Received LeaderAndIsr request PartitionState(controllerEpoch=1, leader=0, leaderEpoch=0, isr=0, zkVersion=0, replicas=0, isNew=false) correlation id 1 from controller 0 epoch 54 for partition login_topic-0 (state.change.logger)
[2020-11-07 21:39:39,853] TRACE [Broker id=0] Received LeaderAndIsr request PartitionState(controllerEpoch=1, leader=0, leaderEpoch=0, isr=0, zkVersion=0, replicas=0, isNew=false) correlation id 1 from controller 0 epoch 54 for partition orders_topic-0 (state.change.logger)
[2020-11-07 21:39:39,853] TRACE [Broker id=0] Received LeaderAndIsr request PartitionState(controllerEpoch=1, leader=0, leaderEpoch=0, isr=0, zkVersion=0, replicas=0, isNew=false) correlation id 1 from controller 0 epoch 54 for partition response_topic-0 (state.change.logger)
[2020-11-07 21:39:39,853] TRACE [Broker id=0] Received LeaderAndIsr request PartitionState(controllerEpoch=1, leader=0, leaderEpoch=0, isr=0, zkVersion=0, replicas=0, isNew=false) correlation id 1 from controller 0 epoch 54 for partition userSignUp_topic-0 (state.change.logger)
[2020-11-07 21:39:39,854] TRACE [Broker id=0] Received LeaderAndIsr request PartitionState(controllerEpoch=1, leader=0, leaderEpoch=0, isr=0, zkVersion=0, replicas=0, isNew=false) correlation id 1 from controller 0 epoch 54 for partition restSignUp_topic-0 (state.change.logger)
[2020-11-07 21:39:39,854] WARN [Broker id=0] Ignoring LeaderAndIsr request from controller 0 with correlation id 1 epoch 54 for partition messages_topic-0 since its associated leader epoch 0 is not higher than the current leader epoch 0 (state.change.logger)
[2020-11-07 21:39:39,854] WARN [Broker id=0] Ignoring LeaderAndIsr request from controller 0 with correlation id 1 epoch 54 for partition events_topic-0 since its associated leader epoch 0 is not higher than the current leader epoch 0 (state.change.logger)
[2020-11-07 21:39:39,854] WARN [Broker id=0] Ignoring LeaderAndIsr request from controller 0 with correlation id 1 epoch 54 for partition login_topic-0 since its associated leader epoch 0 is not higher than the current leader epoch 0 (state.change.logger)
[2020-11-07 21:39:39,854] WARN [Broker id=0] Ignoring LeaderAndIsr request from controller 0 with correlation id 1 epoch 54 for partition orders_topic-0 since its associated leader epoch 0 is not higher than the current leader epoch 0 (state.change.logger)
[2020-11-07 21:39:39,854] WARN [Broker id=0] Ignoring LeaderAndIsr request from controller 0 with correlation id 1 epoch 54 for partition response_topic-0 since its associated leader epoch 0 is not higher than the current leader epoch 0 (state.change.logger)
[2020-11-07 21:39:39,854] WARN [Broker id=0] Ignoring LeaderAndIsr request from controller 0 with correlation id 1 epoch 54 for partition userSignUp_topic-0 since its associated leader epoch 0 is not higher than the current leader epoch 0 (state.change.logger)
[2020-11-07 21:39:39,854] WARN [Broker id=0] Ignoring LeaderAndIsr request from controller 0 with correlation id 1 epoch 54 for partition restSignUp_topic-0 since its associated leader epoch 0 is not higher than the current leader epoch 0 (state.change.logger)
[2020-11-07 21:39:39,855] TRACE [Controller id=0 epoch=54] Received response {error_code=0,partitions=[{topic=messages_topic,partition=0,error_code=11},{topic=events_topic,partition=0,error_code=11},{topic=login_topic,partition=0,error_code=11},{topic=orders_topic,partition=0,error_code=11},{topic=response_topic,partition=0,error_code=11},{topic=userSignUp_topic,partition=0,error_code=11},{topic=restSignUp_topic,partition=0,error_code=11}]} for request LEADER_AND_ISR with correlation id 1 sent to broker localhost:9092 (id: 0 rack: null) (state.change.logger)
[2020-11-07 21:39:39,856] TRACE [Broker id=0] Cached leader info PartitionState(controllerEpoch=1, leader=0, leaderEpoch=0, isr=[0], zkVersion=0, replicas=[0], offlineReplicas=[]) for partition events_topic-0 in response to UpdateMetadata request sent by controller 0 epoch 54 with correlation id 2 (state.change.logger)
[2020-11-07 21:39:39,856] TRACE [Broker id=0] Cached leader info PartitionState(controllerEpoch=12, leader=0, leaderEpoch=0, isr=[0], zkVersion=0, replicas=[0], offlineReplicas=[]) for partition messages_topic-0 in response to UpdateMetadata request sent by controller 0 epoch 54 with correlation id 2 (state.change.logger)
[2020-11-07 21:39:39,856] TRACE [Broker id=0] Cached leader info PartitionState(controllerEpoch=1, leader=0, leaderEpoch=0, isr=[0], zkVersion=0, replicas=[0], offlineReplicas=[]) for partition login_topic-0 in response to UpdateMetadata request sent by controller 0 epoch 54 with correlation id 2 (state.change.logger)
[2020-11-07 21:39:39,856] TRACE [Broker id=0] Cached leader info PartitionState(controllerEpoch=1, leader=0, leaderEpoch=0, isr=[0], zkVersion=0, replicas=[0], offlineReplicas=[]) for partition response_topic-0 in response to UpdateMetadata request sent by controller 0 epoch 54 with correlation id 2 (state.change.logger)
[2020-11-07 21:39:39,856] TRACE [Broker id=0] Cached leader info PartitionState(controllerEpoch=1, leader=0, leaderEpoch=0, isr=[0], zkVersion=0, replicas=[0], offlineReplicas=[]) for partition orders_topic-0 in response to UpdateMetadata request sent by controller 0 epoch 54 with correlation id 2 (state.change.logger)
[2020-11-07 21:39:39,856] TRACE [Broker id=0] Cached leader info PartitionState(controllerEpoch=1, leader=0, leaderEpoch=0, isr=[0], zkVersion=0, replicas=[0], offlineReplicas=[]) for partition userSignUp_topic-0 in response to UpdateMetadata request sent by controller 0 epoch 54 with correlation id 2 (state.change.logger)
[2020-11-07 21:39:39,856] TRACE [Broker id=0] Cached leader info PartitionState(controllerEpoch=1, leader=0, leaderEpoch=0, isr=[0], zkVersion=0, replicas=[0], offlineReplicas=[]) for partition restSignUp_topic-0 in response to UpdateMetadata request sent by controller 0 epoch 54 with correlation id 2 (state.change.logger)
[2020-11-07 21:39:39,856] TRACE [Controller id=0 epoch=54] Received response {error_code=0} for request UPDATE_METADATA with correlation id 2 sent to broker localhost:9092 (id: 0 rack: null) (state.change.logger)
[2020-11-07 21:44:24,407] TRACE [Controller id=0 epoch=55] Sending UpdateMetadata request PartitionState(controllerEpoch=12, leader=0, leaderEpoch=0, isr=[0], zkVersion=0, replicas=[0], offlineReplicas=[]) to brokers Set(0) for partition messages_topic-0 (state.change.logger)
[2020-11-07 21:44:24,407] TRACE [Controller id=0 epoch=55] Sending UpdateMetadata request PartitionState(controllerEpoch=1, leader=0, leaderEpoch=0, isr=[0], zkVersion=0, replicas=[0], offlineReplicas=[]) to brokers Set(0) for partition login_topic-0 (state.change.logger)
[2020-11-07 21:44:24,407] TRACE [Controller id=0 epoch=55] Sending UpdateMetadata request PartitionState(controllerEpoch=1, leader=0, leaderEpoch=0, isr=[0], zkVersion=0, replicas=[0], offlineReplicas=[]) to brokers Set(0) for partition restSignUp_topic-0 (state.change.logger)
[2020-11-07 21:44:24,407] TRACE [Controller id=0 epoch=55] Sending UpdateMetadata request PartitionState(controllerEpoch=1, leader=0, leaderEpoch=0, isr=[0], zkVersion=0, replicas=[0], offlineReplicas=[]) to brokers Set(0) for partition events_topic-0 (state.change.logger)
[2020-11-07 21:44:24,408] TRACE [Controller id=0 epoch=55] Sending UpdateMetadata request PartitionState(controllerEpoch=1, leader=0, leaderEpoch=0, isr=[0], zkVersion=0, replicas=[0], offlineReplicas=[]) to brokers Set(0) for partition orders_topic-0 (state.change.logger)
[2020-11-07 21:44:24,408] TRACE [Controller id=0 epoch=55] Sending UpdateMetadata request PartitionState(controllerEpoch=1, leader=0, leaderEpoch=0, isr=[0], zkVersion=0, replicas=[0], offlineReplicas=[]) to brokers Set(0) for partition userSignUp_topic-0 (state.change.logger)
[2020-11-07 21:44:24,408] TRACE [Controller id=0 epoch=55] Sending UpdateMetadata request PartitionState(controllerEpoch=1, leader=0, leaderEpoch=0, isr=[0], zkVersion=0, replicas=[0], offlineReplicas=[]) to brokers Set(0) for partition response_topic-0 (state.change.logger)
[2020-11-07 21:44:24,410] TRACE [Controller id=0 epoch=55] Changed state of replica 0 for partition response_topic-0 from OnlineReplica to OnlineReplica (state.change.logger)
[2020-11-07 21:44:24,410] TRACE [Controller id=0 epoch=55] Changed state of replica 0 for partition userSignUp_topic-0 from OnlineReplica to OnlineReplica (state.change.logger)
[2020-11-07 21:44:24,413] TRACE [Broker id=0] Cached leader info PartitionState(controllerEpoch=1, leader=0, leaderEpoch=0, isr=[0], zkVersion=0, replicas=[0], offlineReplicas=[]) for partition events_topic-0 in response to UpdateMetadata request sent by controller 0 epoch 55 with correlation id 0 (state.change.logger)
[2020-11-07 21:44:24,413] TRACE [Controller id=0 epoch=55] Changed state of replica 0 for partition restSignUp_topic-0 from OnlineReplica to OnlineReplica (state.change.logger)
[2020-11-07 21:44:24,413] TRACE [Broker id=0] Cached leader info PartitionState(controllerEpoch=12, leader=0, leaderEpoch=0, isr=[0], zkVersion=0, replicas=[0], offlineReplicas=[]) for partition messages_topic-0 in response to UpdateMetadata request sent by controller 0 epoch 55 with correlation id 0 (state.change.logger)
[2020-11-07 21:44:24,413] TRACE [Broker id=0] Cached leader info PartitionState(controllerEpoch=1, leader=0, leaderEpoch=0, isr=[0], zkVersion=0, replicas=[0], offlineReplicas=[]) for partition login_topic-0 in response to UpdateMetadata request sent by controller 0 epoch 55 with correlation id 0 (state.change.logger)
[2020-11-07 21:44:24,413] TRACE [Broker id=0] Cached leader info PartitionState(controllerEpoch=1, leader=0, leaderEpoch=0, isr=[0], zkVersion=0, replicas=[0], offlineReplicas=[]) for partition response_topic-0 in response to UpdateMetadata request sent by controller 0 epoch 55 with correlation id 0 (state.change.logger)
[2020-11-07 21:44:24,413] TRACE [Controller id=0 epoch=55] Changed state of replica 0 for partition orders_topic-0 from OnlineReplica to OnlineReplica (state.change.logger)
[2020-11-07 21:44:24,414] TRACE [Broker id=0] Cached leader info PartitionState(controllerEpoch=1, leader=0, leaderEpoch=0, isr=[0], zkVersion=0, replicas=[0], offlineReplicas=[]) for partition orders_topic-0 in response to UpdateMetadata request sent by controller 0 epoch 55 with correlation id 0 (state.change.logger)
[2020-11-07 21:44:24,414] TRACE [Controller id=0 epoch=55] Changed state of replica 0 for partition messages_topic-0 from OnlineReplica to OnlineReplica (state.change.logger)
[2020-11-07 21:44:24,414] TRACE [Broker id=0] Cached leader info PartitionState(controllerEpoch=1, leader=0, leaderEpoch=0, isr=[0], zkVersion=0, replicas=[0], offlineReplicas=[]) for partition userSignUp_topic-0 in response to UpdateMetadata request sent by controller 0 epoch 55 with correlation id 0 (state.change.logger)
[2020-11-07 21:44:24,414] TRACE [Controller id=0 epoch=55] Changed state of replica 0 for partition login_topic-0 from OnlineReplica to OnlineReplica (state.change.logger)
[2020-11-07 21:44:24,414] TRACE [Controller id=0 epoch=55] Changed state of replica 0 for partition events_topic-0 from OnlineReplica to OnlineReplica (state.change.logger)
[2020-11-07 21:44:24,415] TRACE [Controller id=0 epoch=55] Sending become-leader LeaderAndIsr request PartitionState(controllerEpoch=12, leader=0, leaderEpoch=0, isr=0, zkVersion=0, replicas=0, isNew=false) to broker 0 for partition messages_topic-0 (state.change.logger)
[2020-11-07 21:44:24,415] TRACE [Controller id=0 epoch=55] Sending become-leader LeaderAndIsr request PartitionState(controllerEpoch=1, leader=0, leaderEpoch=0, isr=0, zkVersion=0, replicas=0, isNew=false) to broker 0 for partition login_topic-0 (state.change.logger)
[2020-11-07 21:44:24,415] TRACE [Broker id=0] Cached leader info PartitionState(controllerEpoch=1, leader=0, leaderEpoch=0, isr=[0], zkVersion=0, replicas=[0], offlineReplicas=[]) for partition restSignUp_topic-0 in response to UpdateMetadata request sent by controller 0 epoch 55 with correlation id 0 (state.change.logger)
[2020-11-07 21:44:24,415] TRACE [Controller id=0 epoch=55] Sending become-leader LeaderAndIsr request PartitionState(controllerEpoch=1, leader=0, leaderEpoch=0, isr=0, zkVersion=0, replicas=0, isNew=false) to broker 0 for partition restSignUp_topic-0 (state.change.logger)
[2020-11-07 21:44:24,415] TRACE [Controller id=0 epoch=55] Sending become-leader LeaderAndIsr request PartitionState(controllerEpoch=1, leader=0, leaderEpoch=0, isr=0, zkVersion=0, replicas=0, isNew=false) to broker 0 for partition events_topic-0 (state.change.logger)
[2020-11-07 21:44:24,416] TRACE [Controller id=0 epoch=55] Sending become-leader LeaderAndIsr request PartitionState(controllerEpoch=1, leader=0, leaderEpoch=0, isr=0, zkVersion=0, replicas=0, isNew=false) to broker 0 for partition orders_topic-0 (state.change.logger)
[2020-11-07 21:44:24,416] TRACE [Controller id=0 epoch=55] Received response {error_code=0} for request UPDATE_METADATA with correlation id 0 sent to broker localhost:9092 (id: 0 rack: null) (state.change.logger)
[2020-11-07 21:44:24,416] TRACE [Controller id=0 epoch=55] Sending become-leader LeaderAndIsr request PartitionState(controllerEpoch=1, leader=0, leaderEpoch=0, isr=0, zkVersion=0, replicas=0, isNew=false) to broker 0 for partition userSignUp_topic-0 (state.change.logger)
[2020-11-07 21:44:24,417] TRACE [Controller id=0 epoch=55] Sending become-leader LeaderAndIsr request PartitionState(controllerEpoch=1, leader=0, leaderEpoch=0, isr=0, zkVersion=0, replicas=0, isNew=false) to broker 0 for partition response_topic-0 (state.change.logger)
[2020-11-07 21:44:24,418] TRACE [Controller id=0 epoch=55] Sending UpdateMetadata request PartitionState(controllerEpoch=12, leader=0, leaderEpoch=0, isr=[0], zkVersion=0, replicas=[0], offlineReplicas=[]) to brokers Set(0) for partition messages_topic-0 (state.change.logger)
[2020-11-07 21:44:24,419] TRACE [Controller id=0 epoch=55] Sending UpdateMetadata request PartitionState(controllerEpoch=1, leader=0, leaderEpoch=0, isr=[0], zkVersion=0, replicas=[0], offlineReplicas=[]) to brokers Set(0) for partition login_topic-0 (state.change.logger)
[2020-11-07 21:44:24,419] TRACE [Broker id=0] Received LeaderAndIsr request PartitionState(controllerEpoch=12, leader=0, leaderEpoch=0, isr=0, zkVersion=0, replicas=0, isNew=false) correlation id 1 from controller 0 epoch 55 for partition messages_topic-0 (state.change.logger)
[2020-11-07 21:44:24,419] TRACE [Broker id=0] Received LeaderAndIsr request PartitionState(controllerEpoch=1, leader=0, leaderEpoch=0, isr=0, zkVersion=0, replicas=0, isNew=false) correlation id 1 from controller 0 epoch 55 for partition events_topic-0 (state.change.logger)
[2020-11-07 21:44:24,419] TRACE [Broker id=0] Received LeaderAndIsr request PartitionState(controllerEpoch=1, leader=0, leaderEpoch=0, isr=0, zkVersion=0, replicas=0, isNew=false) correlation id 1 from controller 0 epoch 55 for partition login_topic-0 (state.change.logger)
[2020-11-07 21:44:24,419] TRACE [Broker id=0] Received LeaderAndIsr request PartitionState(controllerEpoch=1, leader=0, leaderEpoch=0, isr=0, zkVersion=0, replicas=0, isNew=false) correlation id 1 from controller 0 epoch 55 for partition orders_topic-0 (state.change.logger)
[2020-11-07 21:44:24,419] TRACE [Broker id=0] Received LeaderAndIsr request PartitionState(controllerEpoch=1, leader=0, leaderEpoch=0, isr=0, zkVersion=0, replicas=0, isNew=false) correlation id 1 from controller 0 epoch 55 for partition response_topic-0 (state.change.logger)
[2020-11-07 21:44:24,419] TRACE [Broker id=0] Received LeaderAndIsr request PartitionState(controllerEpoch=1, leader=0, leaderEpoch=0, isr=0, zkVersion=0, replicas=0, isNew=false) correlation id 1 from controller 0 epoch 55 for partition userSignUp_topic-0 (state.change.logger)
[2020-11-07 21:44:24,419] TRACE [Broker id=0] Received LeaderAndIsr request PartitionState(controllerEpoch=1, leader=0, leaderEpoch=0, isr=0, zkVersion=0, replicas=0, isNew=false) correlation id 1 from controller 0 epoch 55 for partition restSignUp_topic-0 (state.change.logger)
[2020-11-07 21:44:24,419] TRACE [Controller id=0 epoch=55] Sending UpdateMetadata request PartitionState(controllerEpoch=1, leader=0, leaderEpoch=0, isr=[0], zkVersion=0, replicas=[0], offlineReplicas=[]) to brokers Set(0) for partition restSignUp_topic-0 (state.change.logger)
[2020-11-07 21:44:24,419] TRACE [Controller id=0 epoch=55] Sending UpdateMetadata request PartitionState(controllerEpoch=1, leader=0, leaderEpoch=0, isr=[0], zkVersion=0, replicas=[0], offlineReplicas=[]) to brokers Set(0) for partition events_topic-0 (state.change.logger)
[2020-11-07 21:44:24,419] WARN [Broker id=0] Ignoring LeaderAndIsr request from controller 0 with correlation id 1 epoch 55 for partition messages_topic-0 since its associated leader epoch 0 is not higher than the current leader epoch 0 (state.change.logger)
[2020-11-07 21:44:24,419] WARN [Broker id=0] Ignoring LeaderAndIsr request from controller 0 with correlation id 1 epoch 55 for partition events_topic-0 since its associated leader epoch 0 is not higher than the current leader epoch 0 (state.change.logger)
[2020-11-07 21:44:24,419] WARN [Broker id=0] Ignoring LeaderAndIsr request from controller 0 with correlation id 1 epoch 55 for partition login_topic-0 since its associated leader epoch 0 is not higher than the current leader epoch 0 (state.change.logger)
[2020-11-07 21:44:24,419] WARN [Broker id=0] Ignoring LeaderAndIsr request from controller 0 with correlation id 1 epoch 55 for partition orders_topic-0 since its associated leader epoch 0 is not higher than the current leader epoch 0 (state.change.logger)
[2020-11-07 21:44:24,419] WARN [Broker id=0] Ignoring LeaderAndIsr request from controller 0 with correlation id 1 epoch 55 for partition response_topic-0 since its associated leader epoch 0 is not higher than the current leader epoch 0 (state.change.logger)
[2020-11-07 21:44:24,419] WARN [Broker id=0] Ignoring LeaderAndIsr request from controller 0 with correlation id 1 epoch 55 for partition userSignUp_topic-0 since its associated leader epoch 0 is not higher than the current leader epoch 0 (state.change.logger)
[2020-11-07 21:44:24,419] WARN [Broker id=0] Ignoring LeaderAndIsr request from controller 0 with correlation id 1 epoch 55 for partition restSignUp_topic-0 since its associated leader epoch 0 is not higher than the current leader epoch 0 (state.change.logger)
[2020-11-07 21:44:24,420] TRACE [Controller id=0 epoch=55] Sending UpdateMetadata request PartitionState(controllerEpoch=1, leader=0, leaderEpoch=0, isr=[0], zkVersion=0, replicas=[0], offlineReplicas=[]) to brokers Set(0) for partition orders_topic-0 (state.change.logger)
[2020-11-07 21:44:24,420] TRACE [Controller id=0 epoch=55] Sending UpdateMetadata request PartitionState(controllerEpoch=1, leader=0, leaderEpoch=0, isr=[0], zkVersion=0, replicas=[0], offlineReplicas=[]) to brokers Set(0) for partition userSignUp_topic-0 (state.change.logger)
[2020-11-07 21:44:24,420] TRACE [Controller id=0 epoch=55] Sending UpdateMetadata request PartitionState(controllerEpoch=1, leader=0, leaderEpoch=0, isr=[0], zkVersion=0, replicas=[0], offlineReplicas=[]) to brokers Set(0) for partition response_topic-0 (state.change.logger)
[2020-11-07 21:44:24,420] TRACE [Controller id=0 epoch=55] Received response {error_code=0,partitions=[{topic=messages_topic,partition=0,error_code=11},{topic=events_topic,partition=0,error_code=11},{topic=login_topic,partition=0,error_code=11},{topic=orders_topic,partition=0,error_code=11},{topic=response_topic,partition=0,error_code=11},{topic=userSignUp_topic,partition=0,error_code=11},{topic=restSignUp_topic,partition=0,error_code=11}]} for request LEADER_AND_ISR with correlation id 1 sent to broker localhost:9092 (id: 0 rack: null) (state.change.logger)
[2020-11-07 21:44:24,422] TRACE [Broker id=0] Cached leader info PartitionState(controllerEpoch=1, leader=0, leaderEpoch=0, isr=[0], zkVersion=0, replicas=[0], offlineReplicas=[]) for partition events_topic-0 in response to UpdateMetadata request sent by controller 0 epoch 55 with correlation id 2 (state.change.logger)
[2020-11-07 21:44:24,434] TRACE [Broker id=0] Cached leader info PartitionState(controllerEpoch=12, leader=0, leaderEpoch=0, isr=[0], zkVersion=0, replicas=[0], offlineReplicas=[]) for partition messages_topic-0 in response to UpdateMetadata request sent by controller 0 epoch 55 with correlation id 2 (state.change.logger)
[2020-11-07 21:44:24,434] TRACE [Broker id=0] Cached leader info PartitionState(controllerEpoch=1, leader=0, leaderEpoch=0, isr=[0], zkVersion=0, replicas=[0], offlineReplicas=[]) for partition login_topic-0 in response to UpdateMetadata request sent by controller 0 epoch 55 with correlation id 2 (state.change.logger)
[2020-11-07 21:44:24,434] TRACE [Broker id=0] Cached leader info PartitionState(controllerEpoch=1, leader=0, leaderEpoch=0, isr=[0], zkVersion=0, replicas=[0], offlineReplicas=[]) for partition response_topic-0 in response to UpdateMetadata request sent by controller 0 epoch 55 with correlation id 2 (state.change.logger)
[2020-11-07 21:44:24,434] TRACE [Broker id=0] Cached leader info PartitionState(controllerEpoch=1, leader=0, leaderEpoch=0, isr=[0], zkVersion=0, replicas=[0], offlineReplicas=[]) for partition orders_topic-0 in response to UpdateMetadata request sent by controller 0 epoch 55 with correlation id 2 (state.change.logger)
[2020-11-07 21:44:24,434] TRACE [Broker id=0] Cached leader info PartitionState(controllerEpoch=1, leader=0, leaderEpoch=0, isr=[0], zkVersion=0, replicas=[0], offlineReplicas=[]) for partition userSignUp_topic-0 in response to UpdateMetadata request sent by controller 0 epoch 55 with correlation id 2 (state.change.logger)
[2020-11-07 21:44:24,434] TRACE [Broker id=0] Cached leader info PartitionState(controllerEpoch=1, leader=0, leaderEpoch=0, isr=[0], zkVersion=0, replicas=[0], offlineReplicas=[]) for partition restSignUp_topic-0 in response to UpdateMetadata request sent by controller 0 epoch 55 with correlation id 2 (state.change.logger)
[2020-11-07 21:44:24,435] TRACE [Controller id=0 epoch=55] Received response {error_code=0} for request UPDATE_METADATA with correlation id 2 sent to broker localhost:9092 (id: 0 rack: null) (state.change.logger)
[2020-11-07 21:46:51,038] TRACE [Controller id=0 epoch=56] Sending UpdateMetadata request PartitionState(controllerEpoch=12, leader=0, leaderEpoch=0, isr=[0], zkVersion=0, replicas=[0], offlineReplicas=[]) to brokers Set(0) for partition messages_topic-0 (state.change.logger)
[2020-11-07 21:46:51,038] TRACE [Controller id=0 epoch=56] Sending UpdateMetadata request PartitionState(controllerEpoch=1, leader=0, leaderEpoch=0, isr=[0], zkVersion=0, replicas=[0], offlineReplicas=[]) to brokers Set(0) for partition login_topic-0 (state.change.logger)
[2020-11-07 21:46:51,038] TRACE [Controller id=0 epoch=56] Sending UpdateMetadata request PartitionState(controllerEpoch=1, leader=0, leaderEpoch=0, isr=[0], zkVersion=0, replicas=[0], offlineReplicas=[]) to brokers Set(0) for partition restSignUp_topic-0 (state.change.logger)
[2020-11-07 21:46:51,038] TRACE [Controller id=0 epoch=56] Sending UpdateMetadata request PartitionState(controllerEpoch=1, leader=0, leaderEpoch=0, isr=[0], zkVersion=0, replicas=[0], offlineReplicas=[]) to brokers Set(0) for partition events_topic-0 (state.change.logger)
[2020-11-07 21:46:51,038] TRACE [Controller id=0 epoch=56] Sending UpdateMetadata request PartitionState(controllerEpoch=1, leader=0, leaderEpoch=0, isr=[0], zkVersion=0, replicas=[0], offlineReplicas=[]) to brokers Set(0) for partition orders_topic-0 (state.change.logger)
[2020-11-07 21:46:51,038] TRACE [Controller id=0 epoch=56] Sending UpdateMetadata request PartitionState(controllerEpoch=1, leader=0, leaderEpoch=0, isr=[0], zkVersion=0, replicas=[0], offlineReplicas=[]) to brokers Set(0) for partition userSignUp_topic-0 (state.change.logger)
[2020-11-07 21:46:51,040] TRACE [Controller id=0 epoch=56] Sending UpdateMetadata request PartitionState(controllerEpoch=1, leader=0, leaderEpoch=0, isr=[0], zkVersion=0, replicas=[0], offlineReplicas=[]) to brokers Set(0) for partition response_topic-0 (state.change.logger)
[2020-11-07 21:46:51,043] TRACE [Controller id=0 epoch=56] Changed state of replica 0 for partition response_topic-0 from OnlineReplica to OnlineReplica (state.change.logger)
[2020-11-07 21:46:51,043] TRACE [Controller id=0 epoch=56] Changed state of replica 0 for partition userSignUp_topic-0 from OnlineReplica to OnlineReplica (state.change.logger)
[2020-11-07 21:46:51,044] TRACE [Controller id=0 epoch=56] Changed state of replica 0 for partition restSignUp_topic-0 from OnlineReplica to OnlineReplica (state.change.logger)
[2020-11-07 21:46:51,044] TRACE [Controller id=0 epoch=56] Changed state of replica 0 for partition orders_topic-0 from OnlineReplica to OnlineReplica (state.change.logger)
[2020-11-07 21:46:51,044] TRACE [Broker id=0] Cached leader info PartitionState(controllerEpoch=1, leader=0, leaderEpoch=0, isr=[0], zkVersion=0, replicas=[0], offlineReplicas=[]) for partition events_topic-0 in response to UpdateMetadata request sent by controller 0 epoch 56 with correlation id 0 (state.change.logger)
[2020-11-07 21:46:51,044] TRACE [Broker id=0] Cached leader info PartitionState(controllerEpoch=12, leader=0, leaderEpoch=0, isr=[0], zkVersion=0, replicas=[0], offlineReplicas=[]) for partition messages_topic-0 in response to UpdateMetadata request sent by controller 0 epoch 56 with correlation id 0 (state.change.logger)
[2020-11-07 21:46:51,044] TRACE [Broker id=0] Cached leader info PartitionState(controllerEpoch=1, leader=0, leaderEpoch=0, isr=[0], zkVersion=0, replicas=[0], offlineReplicas=[]) for partition login_topic-0 in response to UpdateMetadata request sent by controller 0 epoch 56 with correlation id 0 (state.change.logger)
[2020-11-07 21:46:51,044] TRACE [Controller id=0 epoch=56] Changed state of replica 0 for partition messages_topic-0 from OnlineReplica to OnlineReplica (state.change.logger)
[2020-11-07 21:46:51,044] TRACE [Controller id=0 epoch=56] Changed state of replica 0 for partition login_topic-0 from OnlineReplica to OnlineReplica (state.change.logger)
[2020-11-07 21:46:51,044] TRACE [Controller id=0 epoch=56] Changed state of replica 0 for partition events_topic-0 from OnlineReplica to OnlineReplica (state.change.logger)
[2020-11-07 21:46:51,045] TRACE [Controller id=0 epoch=56] Sending become-leader LeaderAndIsr request PartitionState(controllerEpoch=12, leader=0, leaderEpoch=0, isr=0, zkVersion=0, replicas=0, isNew=false) to broker 0 for partition messages_topic-0 (state.change.logger)
[2020-11-07 21:46:51,045] TRACE [Controller id=0 epoch=56] Sending become-leader LeaderAndIsr request PartitionState(controllerEpoch=1, leader=0, leaderEpoch=0, isr=0, zkVersion=0, replicas=0, isNew=false) to broker 0 for partition login_topic-0 (state.change.logger)
[2020-11-07 21:46:51,045] TRACE [Controller id=0 epoch=56] Sending become-leader LeaderAndIsr request PartitionState(controllerEpoch=1, leader=0, leaderEpoch=0, isr=0, zkVersion=0, replicas=0, isNew=false) to broker 0 for partition restSignUp_topic-0 (state.change.logger)
[2020-11-07 21:46:51,045] TRACE [Controller id=0 epoch=56] Sending become-leader LeaderAndIsr request PartitionState(controllerEpoch=1, leader=0, leaderEpoch=0, isr=0, zkVersion=0, replicas=0, isNew=false) to broker 0 for partition events_topic-0 (state.change.logger)
[2020-11-07 21:46:51,045] TRACE [Controller id=0 epoch=56] Sending become-leader LeaderAndIsr request PartitionState(controllerEpoch=1, leader=0, leaderEpoch=0, isr=0, zkVersion=0, replicas=0, isNew=false) to broker 0 for partition orders_topic-0 (state.change.logger)
[2020-11-07 21:46:51,045] TRACE [Controller id=0 epoch=56] Sending become-leader LeaderAndIsr request PartitionState(controllerEpoch=1, leader=0, leaderEpoch=0, isr=0, zkVersion=0, replicas=0, isNew=false) to broker 0 for partition userSignUp_topic-0 (state.change.logger)
[2020-11-07 21:46:51,045] TRACE [Controller id=0 epoch=56] Sending become-leader LeaderAndIsr request PartitionState(controllerEpoch=1, leader=0, leaderEpoch=0, isr=0, zkVersion=0, replicas=0, isNew=false) to broker 0 for partition response_topic-0 (state.change.logger)
[2020-11-07 21:46:51,045] TRACE [Controller id=0 epoch=56] Sending UpdateMetadata request PartitionState(controllerEpoch=12, leader=0, leaderEpoch=0, isr=[0], zkVersion=0, replicas=[0], offlineReplicas=[]) to brokers Set(0) for partition messages_topic-0 (state.change.logger)
[2020-11-07 21:46:51,045] TRACE [Controller id=0 epoch=56] Sending UpdateMetadata request PartitionState(controllerEpoch=1, leader=0, leaderEpoch=0, isr=[0], zkVersion=0, replicas=[0], offlineReplicas=[]) to brokers Set(0) for partition login_topic-0 (state.change.logger)
[2020-11-07 21:46:51,045] TRACE [Controller id=0 epoch=56] Sending UpdateMetadata request PartitionState(controllerEpoch=1, leader=0, leaderEpoch=0, isr=[0], zkVersion=0, replicas=[0], offlineReplicas=[]) to brokers Set(0) for partition restSignUp_topic-0 (state.change.logger)
[2020-11-07 21:46:51,045] TRACE [Broker id=0] Cached leader info PartitionState(controllerEpoch=1, leader=0, leaderEpoch=0, isr=[0], zkVersion=0, replicas=[0], offlineReplicas=[]) for partition response_topic-0 in response to UpdateMetadata request sent by controller 0 epoch 56 with correlation id 0 (state.change.logger)
[2020-11-07 21:46:51,045] TRACE [Broker id=0] Cached leader info PartitionState(controllerEpoch=1, leader=0, leaderEpoch=0, isr=[0], zkVersion=0, replicas=[0], offlineReplicas=[]) for partition orders_topic-0 in response to UpdateMetadata request sent by controller 0 epoch 56 with correlation id 0 (state.change.logger)
[2020-11-07 21:46:51,045] TRACE [Controller id=0 epoch=56] Sending UpdateMetadata request PartitionState(controllerEpoch=1, leader=0, leaderEpoch=0, isr=[0], zkVersion=0, replicas=[0], offlineReplicas=[]) to brokers Set(0) for partition events_topic-0 (state.change.logger)
[2020-11-07 21:46:51,046] TRACE [Broker id=0] Cached leader info PartitionState(controllerEpoch=1, leader=0, leaderEpoch=0, isr=[0], zkVersion=0, replicas=[0], offlineReplicas=[]) for partition userSignUp_topic-0 in response to UpdateMetadata request sent by controller 0 epoch 56 with correlation id 0 (state.change.logger)
[2020-11-07 21:46:51,046] TRACE [Controller id=0 epoch=56] Sending UpdateMetadata request PartitionState(controllerEpoch=1, leader=0, leaderEpoch=0, isr=[0], zkVersion=0, replicas=[0], offlineReplicas=[]) to brokers Set(0) for partition orders_topic-0 (state.change.logger)
[2020-11-07 21:46:51,046] TRACE [Broker id=0] Cached leader info PartitionState(controllerEpoch=1, leader=0, leaderEpoch=0, isr=[0], zkVersion=0, replicas=[0], offlineReplicas=[]) for partition restSignUp_topic-0 in response to UpdateMetadata request sent by controller 0 epoch 56 with correlation id 0 (state.change.logger)
[2020-11-07 21:46:51,046] TRACE [Controller id=0 epoch=56] Sending UpdateMetadata request PartitionState(controllerEpoch=1, leader=0, leaderEpoch=0, isr=[0], zkVersion=0, replicas=[0], offlineReplicas=[]) to brokers Set(0) for partition userSignUp_topic-0 (state.change.logger)
[2020-11-07 21:46:51,046] TRACE [Controller id=0 epoch=56] Sending UpdateMetadata request PartitionState(controllerEpoch=1, leader=0, leaderEpoch=0, isr=[0], zkVersion=0, replicas=[0], offlineReplicas=[]) to brokers Set(0) for partition response_topic-0 (state.change.logger)
[2020-11-07 21:46:51,047] TRACE [Controller id=0 epoch=56] Received response {error_code=0} for request UPDATE_METADATA with correlation id 0 sent to broker localhost:9092 (id: 0 rack: null) (state.change.logger)
[2020-11-07 21:46:51,048] TRACE [Broker id=0] Received LeaderAndIsr request PartitionState(controllerEpoch=12, leader=0, leaderEpoch=0, isr=0, zkVersion=0, replicas=0, isNew=false) correlation id 1 from controller 0 epoch 56 for partition messages_topic-0 (state.change.logger)
[2020-11-07 21:46:51,048] TRACE [Broker id=0] Received LeaderAndIsr request PartitionState(controllerEpoch=1, leader=0, leaderEpoch=0, isr=0, zkVersion=0, replicas=0, isNew=false) correlation id 1 from controller 0 epoch 56 for partition events_topic-0 (state.change.logger)
[2020-11-07 21:46:51,048] TRACE [Broker id=0] Received LeaderAndIsr request PartitionState(controllerEpoch=1, leader=0, leaderEpoch=0, isr=0, zkVersion=0, replicas=0, isNew=false) correlation id 1 from controller 0 epoch 56 for partition login_topic-0 (state.change.logger)
[2020-11-07 21:46:51,048] TRACE [Broker id=0] Received LeaderAndIsr request PartitionState(controllerEpoch=1, leader=0, leaderEpoch=0, isr=0, zkVersion=0, replicas=0, isNew=false) correlation id 1 from controller 0 epoch 56 for partition orders_topic-0 (state.change.logger)
[2020-11-07 21:46:51,048] TRACE [Broker id=0] Received LeaderAndIsr request PartitionState(controllerEpoch=1, leader=0, leaderEpoch=0, isr=0, zkVersion=0, replicas=0, isNew=false) correlation id 1 from controller 0 epoch 56 for partition response_topic-0 (state.change.logger)
[2020-11-07 21:46:51,048] TRACE [Broker id=0] Received LeaderAndIsr request PartitionState(controllerEpoch=1, leader=0, leaderEpoch=0, isr=0, zkVersion=0, replicas=0, isNew=false) correlation id 1 from controller 0 epoch 56 for partition userSignUp_topic-0 (state.change.logger)
[2020-11-07 21:46:51,048] TRACE [Broker id=0] Received LeaderAndIsr request PartitionState(controllerEpoch=1, leader=0, leaderEpoch=0, isr=0, zkVersion=0, replicas=0, isNew=false) correlation id 1 from controller 0 epoch 56 for partition restSignUp_topic-0 (state.change.logger)
[2020-11-07 21:46:51,048] WARN [Broker id=0] Ignoring LeaderAndIsr request from controller 0 with correlation id 1 epoch 56 for partition messages_topic-0 since its associated leader epoch 0 is not higher than the current leader epoch 0 (state.change.logger)
[2020-11-07 21:46:51,048] WARN [Broker id=0] Ignoring LeaderAndIsr request from controller 0 with correlation id 1 epoch 56 for partition events_topic-0 since its associated leader epoch 0 is not higher than the current leader epoch 0 (state.change.logger)
[2020-11-07 21:46:51,048] WARN [Broker id=0] Ignoring LeaderAndIsr request from controller 0 with correlation id 1 epoch 56 for partition login_topic-0 since its associated leader epoch 0 is not higher than the current leader epoch 0 (state.change.logger)
[2020-11-07 21:46:51,048] WARN [Broker id=0] Ignoring LeaderAndIsr request from controller 0 with correlation id 1 epoch 56 for partition orders_topic-0 since its associated leader epoch 0 is not higher than the current leader epoch 0 (state.change.logger)
[2020-11-07 21:46:51,048] WARN [Broker id=0] Ignoring LeaderAndIsr request from controller 0 with correlation id 1 epoch 56 for partition response_topic-0 since its associated leader epoch 0 is not higher than the current leader epoch 0 (state.change.logger)
[2020-11-07 21:46:51,048] WARN [Broker id=0] Ignoring LeaderAndIsr request from controller 0 with correlation id 1 epoch 56 for partition userSignUp_topic-0 since its associated leader epoch 0 is not higher than the current leader epoch 0 (state.change.logger)
[2020-11-07 21:46:51,048] WARN [Broker id=0] Ignoring LeaderAndIsr request from controller 0 with correlation id 1 epoch 56 for partition restSignUp_topic-0 since its associated leader epoch 0 is not higher than the current leader epoch 0 (state.change.logger)
[2020-11-07 21:46:51,090] TRACE [Controller id=0 epoch=56] Received response {error_code=0,partitions=[{topic=messages_topic,partition=0,error_code=11},{topic=events_topic,partition=0,error_code=11},{topic=login_topic,partition=0,error_code=11},{topic=orders_topic,partition=0,error_code=11},{topic=response_topic,partition=0,error_code=11},{topic=userSignUp_topic,partition=0,error_code=11},{topic=restSignUp_topic,partition=0,error_code=11}]} for request LEADER_AND_ISR with correlation id 1 sent to broker localhost:9092 (id: 0 rack: null) (state.change.logger)
[2020-11-07 21:46:51,092] TRACE [Broker id=0] Cached leader info PartitionState(controllerEpoch=1, leader=0, leaderEpoch=0, isr=[0], zkVersion=0, replicas=[0], offlineReplicas=[]) for partition events_topic-0 in response to UpdateMetadata request sent by controller 0 epoch 56 with correlation id 2 (state.change.logger)
[2020-11-07 21:46:51,093] TRACE [Broker id=0] Cached leader info PartitionState(controllerEpoch=12, leader=0, leaderEpoch=0, isr=[0], zkVersion=0, replicas=[0], offlineReplicas=[]) for partition messages_topic-0 in response to UpdateMetadata request sent by controller 0 epoch 56 with correlation id 2 (state.change.logger)
[2020-11-07 21:46:51,093] TRACE [Broker id=0] Cached leader info PartitionState(controllerEpoch=1, leader=0, leaderEpoch=0, isr=[0], zkVersion=0, replicas=[0], offlineReplicas=[]) for partition login_topic-0 in response to UpdateMetadata request sent by controller 0 epoch 56 with correlation id 2 (state.change.logger)
[2020-11-07 21:46:51,093] TRACE [Broker id=0] Cached leader info PartitionState(controllerEpoch=1, leader=0, leaderEpoch=0, isr=[0], zkVersion=0, replicas=[0], offlineReplicas=[]) for partition response_topic-0 in response to UpdateMetadata request sent by controller 0 epoch 56 with correlation id 2 (state.change.logger)
[2020-11-07 21:46:51,093] TRACE [Broker id=0] Cached leader info PartitionState(controllerEpoch=1, leader=0, leaderEpoch=0, isr=[0], zkVersion=0, replicas=[0], offlineReplicas=[]) for partition orders_topic-0 in response to UpdateMetadata request sent by controller 0 epoch 56 with correlation id 2 (state.change.logger)
[2020-11-07 21:46:51,095] TRACE [Broker id=0] Cached leader info PartitionState(controllerEpoch=1, leader=0, leaderEpoch=0, isr=[0], zkVersion=0, replicas=[0], offlineReplicas=[]) for partition userSignUp_topic-0 in response to UpdateMetadata request sent by controller 0 epoch 56 with correlation id 2 (state.change.logger)
[2020-11-07 21:46:51,095] TRACE [Broker id=0] Cached leader info PartitionState(controllerEpoch=1, leader=0, leaderEpoch=0, isr=[0], zkVersion=0, replicas=[0], offlineReplicas=[]) for partition restSignUp_topic-0 in response to UpdateMetadata request sent by controller 0 epoch 56 with correlation id 2 (state.change.logger)
[2020-11-07 21:46:51,097] TRACE [Controller id=0 epoch=56] Received response {error_code=0} for request UPDATE_METADATA with correlation id 2 sent to broker localhost:9092 (id: 0 rack: null) (state.change.logger)
